[ Info: Running test_basis_explicit_core.jl
Test Summary:                  | Pass  Total  Time
PlanetParameters and AtmosGrid |    6      6  0.8s
Test Summary:             | Pass  Total  Time
Basis-explicit core types |    8      8  1.2s
Test Summary:                 | Pass  Total  Time
Standalone runtime smoke test |    6      6  3.1s
Test Summary:                           | Pass  Total  Time
Structured x-direction static CFL pilot |    6      6  2.6s
Test Summary:                                 | Pass  Total  Time
Clustered x-sweeps accept Int32 cluster_sizes |    8      8  0.3s
Test Summary:                                           | Pass  Total  Time
RussellLerner y-sweep stays finite with zero-mass donor |    4      4  0.6s
Test Summary:                                           | Pass  Total  Time
Face-indexed horizontal subcycling preserves positivity |    4      4  1.4s
Test Summary:                     | Pass  Total   Time
GPU static CFL enforces max_n_sub |    1      1  15.8s
Test Summary:                                         | Pass  Total  Time
CubedSphere runtime uses dedicated panel-native types |    8      8  3.1s
Test Summary:                              | Pass  Total  Time
Face-connected reduced-Gaussian smoke test |    5      5  0.6s
Test Summary:                                              | Pass  Total  Time
Face-connected reduced-Gaussian GPU matches CPU for Upwind |    4      4  5.4s
Test Summary:                                                    | Pass  Total  Time
Face-connected unsupported reconstruction families fail honestly |    2      2  0.1s
Test Summary:                  | Pass  Total  Time
Adapt.jl container conversions |    8      8  0.4s
[ Info: Running test_advection_kernels.jl
Advection kernels: {CPU,GPU} × {F32,F64}: Error During Test at /home/cfranken/code/gitHub/AtmosTransportModel/test/test_advection_kernels.jl:140
  Got exception outside of a @test
  UndefVarError: `LatLonMesh` not defined in `Main`
  Hint: It looks like two or more modules export different bindings with this name, resulting in ambiguity. Try explicitly importing it from a particular module, or qualifying the name with the module it should come from.
  Stacktrace:
    [1] build_test_problem(FT::Type{Float64}; Nx::Int64, Ny::Int64, Nz::Int64, cfl::Float64)
      @ Main ~/code/gitHub/AtmosTransportModel/test/test_advection_kernels.jl:56
    [2] build_test_problem(FT::Type{Float64})
      @ Main ~/code/gitHub/AtmosTransportModel/test/test_advection_kernels.jl:55
    [3] macro expansion
      @ ~/code/gitHub/AtmosTransportModel/test/test_advection_kernels.jl:145 [inlined]
    [4] macro expansion
      @ ~/.julia/juliaup/julia-1.12.5+0.x64.linux.gnu/share/julia/stdlib/v1.12/Test/src/Test.jl:1776 [inlined]
    [5] top-level scope
      @ ~/code/gitHub/AtmosTransportModel/test/test_advection_kernels.jl:142
    [6] include(mapexpr::Function, mod::Module, _path::String)
      @ Base ./Base.jl:307
    [7] top-level scope
      @ ~/code/gitHub/AtmosTransportModel/test/runtests.jl:35
    [8] include(mod::Module, _path::String)
      @ Base ./Base.jl:306
    [9] exec_options(opts::Base.JLOptions)
      @ Base ./client.jl:317
   [10] _start()
      @ Base ./client.jl:550
Test Summary:                            | Error  Total  Time
Advection kernels: {CPU,GPU} × {F32,F64} |     1      1  1.0s
RNG of the outermost testset: Random.Xoshiro(0xcc148dc1d716db39, 0xbd495a36e2934b9b, 0x29a9d9e5e571e16d, 0xf7c3c7cd62ecdfc5, 0x9a9c5481ae84438e)
ERROR: LoadError: Some tests did not pass: 0 passed, 0 failed, 1 errored, 0 broken.
in expression starting at /home/cfranken/code/gitHub/AtmosTransportModel/test/test_advection_kernels.jl:140
in expression starting at /home/cfranken/code/gitHub/AtmosTransportModel/test/runtests.jl:33
