[ Info: Configuration: /tmp/catrine_21d.toml
[ Info: GPU mode enabled (CUDA loaded)
Precompiling packages...
   7157.9 ms  ✓ AtmosTransport
  1 dependency successfully precompiled in 10 seconds. 327 already precompiled.
Precompiling packages...
   5241.2 ms  ✓ AtmosTransportCUDAExt (serial)
  1 dependency successfully precompiled in 5 seconds
[ Info: Packages loaded
[ Info: Building model...
[ Info: CubedSphereGrid C180: 6×180×180×72 cells, Δx range ≈ 39.5–55.6 km
[ Info: Loaded GMAO coordinates + cell areas from cs_c180_gridspec.nc
[ Info: sf6: loading binary /home/cfranken/data/AtmosTransport/catrine/preprocessed_c180/edgar_sf6_cs_c180_float32.bin
[ Info:   total: 0.3164 kg/s
[ Info: rn222: loading binary /home/cfranken/data/AtmosTransport/catrine/preprocessed_c180/zhang_rn222_cs_c180_float32.bin
[ Info:   12 monthly snapshots, time_hours [0.0 … 8035.5] h
[ Info: fossil_co2: loading binary /home/cfranken/data/AtmosTransport/catrine/preprocessed_c180/gridfed_fossil_co2_cs_c180_float32.bin
[ Info:   36 snapshots, time_hours [0.0 … 25567.5] h
[ Info:   total: 36.2 GtCO2/yr
[ Info: co2: loading binary /home/cfranken/data/AtmosTransport/catrine/preprocessed_c180/lmdz_co2_cs_c180_float32.bin
[ Info:   6088 timesteps, time_hours [0.0 … 18261.0] h
┌ Info: 
│   Emission Sources
│   ──────────────────────────────────────────────────────────────
│   sf6            │ EDGAR v8.0 SF6 2022            │ static
│   rn222          │ Zhang Rn222                    │ 12 snapshots
│                  │ time_hours: [0.0 … 8035.5] h
│   fossil_co2     │ GridFED fossil CO2 2021        │ 36 snapshots
│                  │ time_hours: [0.0 … 25567.5] h
│   co2            │ LMDZ CO2 posterior             │ 6088 snapshots
│                  │ time_hours: [0.0 … 18261.0] h
└   ──────────────────────────────────────────────────────────────
[ Info: Starting simulation...
[ Info: Loaded IC for sf6 (CS C180, deferred vertical interp: 79 source levels → 72 target levels)
[ Info: Loaded IC for co2 (CS C180, deferred vertical interp: 79 source levels → 72 target levels)
[ Info:   CMFMC: binary reader (GEOSFP_CS180.20211201.A3mstE.bin, t=1)
[ Info:   DTRAIN: binary reader (GEOSFP_CS180.20211201.A3dyn.bin, t=1)
[ Info:   A1: binary reader (GEOSFP_CS180.20211201.A1.bin, t=1)
[ Info:   QV: binary reader (GEOSFP_CS180.20211201.I3.bin, t=1)
[ Info: Starting simulation: 528 windows × 12 sub-steps (DoubleBuffer, C180) [diffusion: nonlocal_pbl (β_h=15.0)] [convection: RASConvection]
[ Info: IC finalized for sf6: mixing ratio min=9.056644846220078e-12 max=3.170529252238399e-11 mean=1.0206850510175033e-11
[ Info: IC finalized for co2: mixing ratio min=0.00037498360404769696 max=0.0008939206568996432 mean=0.00040984868608780114
[ Info:   IC mass co2: 2.121652e+15 kg
[ Info:   IC mass fossil_co2: 0.000000e+00 kg
[ Info:   IC mass rn222: 0.000000e+00 kg
[ Info:   IC mass sf6: 5.535660e+07 kg
[ Info: RAS CFL: max=12.83, n_sub=15, dt_conv=240.0s
ERROR: LoadError: Failed to compile PTX code (ptxas exited with code 255)
Invocation arguments: --generate-line-info --verbose --gpu-name sm_89 --output-file /tmp/jl_lQDMfCdKLi.cubin /tmp/jl_BIrez2fuDg.ptx
ptxas /tmp/jl_BIrez2fuDg.ptx, line 1; fatal   : Missing .version directive at start of file '/tmp/jl_BIrez2fuDg.ptx'
ptxas fatal   : Ptx assembly aborted due to errors
If you think this is a bug, please file an issue and attach /tmp/jl_BIrez2fuDg.ptx
Stacktrace:
  [1] error(s::String)
    @ Base ./error.jl:44
  [2] compile(job::GPUCompiler.CompilerJob)
    @ CUDA ~/.julia/packages/CUDA/FJf6p/src/compiler/compilation.jl:356
  [3] actual_compilation(cache::Dict{Any, CuFunction}, src::Core.MethodInstance, world::UInt64, cfg::GPUCompiler.CompilerConfig{GPUCompiler.PTXCompilerTarget, CUDA.CUDACompilerParams}, compiler::typeof(CUDA.compile), linker::typeof(CUDA.link))
    @ GPUCompiler ~/.julia/packages/GPUCompiler/OCZFZ/src/execution.jl:245
  [4] cached_compilation(cache::Dict{Any, CuFunction}, src::Core.MethodInstance, cfg::GPUCompiler.CompilerConfig{GPUCompiler.PTXCompilerTarget, CUDA.CUDACompilerParams}, compiler::Function, linker::Function)
    @ GPUCompiler ~/.julia/packages/GPUCompiler/OCZFZ/src/execution.jl:159
  [5] macro expansion
    @ ~/.julia/packages/CUDA/FJf6p/src/compiler/execution.jl:373 [inlined]
  [6] macro expansion
    @ ./lock.jl:376 [inlined]
  [7] cufunction(f::typeof(AtmosTransport.Advection.gpu__ppm_reconstruct_kernel!), tt::Type{Tuple{KernelAbstractions.CompilerMetadata{KernelAbstractions.NDIteration.DynamicSize, KernelAbstractions.NDIteration.DynamicCheck, Nothing, CartesianIndices{2, Tuple{Base.OneTo{Int64}, Base.OneTo{Int64}}}, KernelAbstractions.NDIteration.NDRange{2, KernelAbstractions.NDIteration.DynamicSize, KernelAbstractions.NDIteration.StaticSize{(256, 1)}, CartesianIndices{2, Tuple{Base.OneTo{Int64}, Base.OneTo{Int64}}}, Nothing}}, CuDeviceArray{Float32, 3, 1}, CuDeviceArray{Float32, 3, 1}, CuDeviceArray{Float32, 3, 1}, CuDeviceArray{Float32, 3, 1}, CuDeviceArray{Float32, 3, 1}, CuDeviceMatrix{Float32, 1}, Float32, Int64, Int64, Int64}}; kwargs::@Kwargs{always_inline::Bool, maxthreads::Int64})
    @ CUDA ~/.julia/packages/CUDA/FJf6p/src/compiler/execution.jl:368
  [8] macro expansion
    @ ~/.julia/packages/CUDA/FJf6p/src/compiler/execution.jl:112 [inlined]
  [9] (::KernelAbstractions.Kernel{CUDABackend, KernelAbstractions.NDIteration.StaticSize{(256,)}, KernelAbstractions.NDIteration.DynamicSize, typeof(AtmosTransport.Advection.gpu__ppm_reconstruct_kernel!)})(::CuArray{Float32, 3, CUDA.DeviceMemory}, ::Vararg{Any}; ndrange::Tuple{Int64, Int64}, workgroupsize::Nothing)
    @ CUDA.CUDAKernels ~/.julia/packages/CUDA/FJf6p/src/CUDAKernels.jl:129
 [10] Kernel
    @ ~/.julia/packages/CUDA/FJf6p/src/CUDAKernels.jl:115 [inlined]
 [11] vertical_remap_cs!(rm_panels::NTuple{6, CuArray{Float32, 3, CUDA.DeviceMemory}}, m_src_panels::NTuple{6, CuArray{Float32, 3, CUDA.DeviceMemory}}, ws_vr::AtmosTransport.Advection.VerticalRemapWorkspace{Float32, CuArray{Float32, 3, CUDA.DeviceMemory}, CuArray{Float32, 2, CUDA.DeviceMemory}, CuArray{Float32, 1, CUDA.DeviceMemory}}, ws::AtmosTransport.Advection.CubedSphereMassFluxWorkspace{Float32, CuArray{Float32, 3, CUDA.DeviceMemory}}, gc::AtmosTransport.Advection.CubedSphereGeometryCache{Float32, CuArray{Float32, 2, CUDA.DeviceMemory}, CuArray{Float32, 1, CUDA.DeviceMemory}}, grid::AtmosTransport.Grids.CubedSphereGrid{Float32, AtmosTransport.Architectures.GPU, AtmosTransport.Grids.HybridSigmaPressure{Float32}}; flat::Bool, hybrid_pe::Bool)
    @ AtmosTransport.Advection ~/code/gitHub/AtmosTransportModel/src/Advection/vertical_remap.jl:688
 [12] advection_phase!(tracers::@NamedTuple{sf6::NTuple{6, CuArray{Float32, 3, CUDA.DeviceMemory}}, rn222::NTuple{6, CuArray{Float32, 3, CUDA.DeviceMemory}}, fossil_co2::NTuple{6, CuArray{Float32, 3, CUDA.DeviceMemory}}, co2::NTuple{6, CuArray{Float32, 3, CUDA.DeviceMemory}}}, sched::AtmosTransport.Models.IOScheduler{AtmosTransport.Models.DoubleBuffer, AtmosTransport.IO.CubedSphereMetBuffer{Float32, CuArray{Float32, 3, CUDA.DeviceMemory}}, AtmosTransport.IO.CubedSphereCPUBuffer{Float32}}, air::@NamedTuple{m::NTuple{6, CuArray{Float32, 3, CUDA.DeviceMemory}}, m_ref::NTuple{6, CuArray{Float32, 3, CUDA.DeviceMemory}}, m_wet::NTuple{6, CuArray{Float32, 3, CUDA.DeviceMemory}}}, phys::@NamedTuple{has_conv::Bool, has_dtrain::Bool, has_pbl::Bool, cmfmc_cpu::NTuple{6, Array{Float32, 3}}, cmfmc_gpu::NTuple{6, CuArray{Float32, 3, CUDA.DeviceMemory}}, dtrain_cpu::NTuple{6, Array{Float32, 3}}, dtrain_gpu::NTuple{6, CuArray{Float32, 3, CUDA.DeviceMemory}}, ras_workspace::NTuple{6, CuArray{Float32, 3, CUDA.DeviceMemory}}, pbl_sfc_cpu::@NamedTuple{pblh::NTuple{6, Matrix{Float32}}, ustar::NTuple{6, Matrix{Float32}}, hflux::NTuple{6, Matrix{Float32}}, t2m::NTuple{6, Matrix{Float32}}}, pbl_sfc_gpu::@NamedTuple{pblh::NTuple{6, CuArray{Float32, 2, CUDA.DeviceMemory}}, ustar::NTuple{6, CuArray{Float32, 2, CUDA.DeviceMemory}}, hflux::NTuple{6, CuArray{Float32, 2, CUDA.DeviceMemory}}, t2m::NTuple{6, CuArray{Float32, 2, CUDA.DeviceMemory}}}, w_scratch::NTuple{6, CuArray{Float32, 3, CUDA.DeviceMemory}}, qv_cpu::NTuple{6, Array{Float32, 3}}, qv_gpu::NTuple{6, CuArray{Float32, 3, CUDA.DeviceMemory}}, qv_loaded::Base.RefValue{Bool}, troph_cpu::NTuple{6, Matrix{Float32}}, ps_cpu::NTuple{6, Matrix{Float32}}, planet::AtmosTransport.Parameters.PlanetParameters{Float32}, cmfmc_loaded::Base.RefValue{Bool}, dtrain_loaded::Base.RefValue{Bool}, sfc_loaded::Base.RefValue{Bool}, troph_loaded::Base.RefValue{Bool}}, model::AtmosTransport.Models.TransportModel{AtmosTransport.Architectures.GPU, AtmosTransport.Grids.CubedSphereGrid{Float32, AtmosTransport.Architectures.GPU, AtmosTransport.Grids.HybridSigmaPressure{Float32}}, @NamedTuple{sf6::CuArray{Float32, 1, CUDA.DeviceMemory}, rn222::CuArray{Float32, 1, CUDA.DeviceMemory}, fossil_co2::CuArray{Float32, 1, CUDA.DeviceMemory}, co2::CuArray{Float32, 1, CUDA.DeviceMemory}}, Nothing, AtmosTransport.IO.GEOSFPCubedSphereMetDriver{Float32}, AtmosTransport.TimeSteppers.OperatorSplittingTimeStepper{Float32, AtmosTransport.Advection.PPMAdvection{7}, AtmosTransport.Convection.RASConvection, AtmosTransport.Diffusion.NonLocalPBLDiffusion{Float32}, AtmosTransport.Chemistry.CompositeChemistry{Tuple{AtmosTransport.Chemistry.RadioactiveDecay{Float32}}}}, Vector{AtmosTransport.Sources.AbstractSurfaceFlux}, Vector{AtmosTransport.IO.AbstractOutputWriter}, Vector{AtmosTransport.Callbacks.AbstractCallback}, AtmosTransport.Models.DoubleBuffer, AtmosTransport.Advection.PPMAdvection{7}, AtmosTransport.Chemistry.CompositeChemistry{Tuple{AtmosTransport.Chemistry.RadioactiveDecay{Float32}}}, AtmosTransport.Diffusion.NonLocalPBLDiffusion{Float32}, AtmosTransport.Convection.RASConvection}, grid::AtmosTransport.Grids.CubedSphereGrid{Float32, AtmosTransport.Architectures.GPU, AtmosTransport.Grids.HybridSigmaPressure{Float32}}, ws::AtmosTransport.Advection.CubedSphereMassFluxWorkspace{Float32, CuArray{Float32, 3, CUDA.DeviceMemory}}, n_sub::Int64, dt_sub::Float32, step::Base.RefValue{Int64}; ws_lr::AtmosTransport.Advection.LinRoodWorkspace{Float32, CuArray{Float32, 3, CUDA.DeviceMemory}, CuArray{Float32, 3, CUDA.DeviceMemory}, CuArray{Float32, 3, CUDA.DeviceMemory}}, ws_vr::AtmosTransport.Advection.VerticalRemapWorkspace{Float32, CuArray{Float32, 3, CUDA.DeviceMemory}, CuArray{Float32, 2, CUDA.DeviceMemory}, CuArray{Float32, 1, CUDA.DeviceMemory}}, gc::AtmosTransport.Advection.CubedSphereGeometryCache{Float32, CuArray{Float32, 2, CUDA.DeviceMemory}, CuArray{Float32, 1, CUDA.DeviceMemory}}, has_next::Bool)
    @ AtmosTransport.Models ~/code/gitHub/AtmosTransportModel/src/Models/physics_phases.jl:422
 [13] _run_loop!(model::AtmosTransport.Models.TransportModel{AtmosTransport.Architectures.GPU, AtmosTransport.Grids.CubedSphereGrid{Float32, AtmosTransport.Architectures.GPU, AtmosTransport.Grids.HybridSigmaPressure{Float32}}, @NamedTuple{sf6::CuArray{Float32, 1, CUDA.DeviceMemory}, rn222::CuArray{Float32, 1, CUDA.DeviceMemory}, fossil_co2::CuArray{Float32, 1, CUDA.DeviceMemory}, co2::CuArray{Float32, 1, CUDA.DeviceMemory}}, Nothing, AtmosTransport.IO.GEOSFPCubedSphereMetDriver{Float32}, AtmosTransport.TimeSteppers.OperatorSplittingTimeStepper{Float32, AtmosTransport.Advection.PPMAdvection{7}, AtmosTransport.Convection.RASConvection, AtmosTransport.Diffusion.NonLocalPBLDiffusion{Float32}, AtmosTransport.Chemistry.CompositeChemistry{Tuple{AtmosTransport.Chemistry.RadioactiveDecay{Float32}}}}, Vector{AtmosTransport.Sources.AbstractSurfaceFlux}, Vector{AtmosTransport.IO.AbstractOutputWriter}, Vector{AtmosTransport.Callbacks.AbstractCallback}, AtmosTransport.Models.DoubleBuffer, AtmosTransport.Advection.PPMAdvection{7}, AtmosTransport.Chemistry.CompositeChemistry{Tuple{AtmosTransport.Chemistry.RadioactiveDecay{Float32}}}, AtmosTransport.Diffusion.NonLocalPBLDiffusion{Float32}, AtmosTransport.Convection.RASConvection}, grid::AtmosTransport.Grids.CubedSphereGrid{Float32, AtmosTransport.Architectures.GPU, AtmosTransport.Grids.HybridSigmaPressure{Float32}}, buffering::AtmosTransport.Models.DoubleBuffer)
    @ AtmosTransport.Models ~/code/gitHub/AtmosTransportModel/src/Models/run_loop.jl:27
 [14] run!(model::AtmosTransport.Models.TransportModel{AtmosTransport.Architectures.GPU, AtmosTransport.Grids.CubedSphereGrid{Float32, AtmosTransport.Architectures.GPU, AtmosTransport.Grids.HybridSigmaPressure{Float32}}, @NamedTuple{sf6::CuArray{Float32, 1, CUDA.DeviceMemory}, rn222::CuArray{Float32, 1, CUDA.DeviceMemory}, fossil_co2::CuArray{Float32, 1, CUDA.DeviceMemory}, co2::CuArray{Float32, 1, CUDA.DeviceMemory}}, Nothing, AtmosTransport.IO.GEOSFPCubedSphereMetDriver{Float32}, AtmosTransport.TimeSteppers.OperatorSplittingTimeStepper{Float32, AtmosTransport.Advection.PPMAdvection{7}, AtmosTransport.Convection.RASConvection, AtmosTransport.Diffusion.NonLocalPBLDiffusion{Float32}, AtmosTransport.Chemistry.CompositeChemistry{Tuple{AtmosTransport.Chemistry.RadioactiveDecay{Float32}}}}, Vector{AtmosTransport.Sources.AbstractSurfaceFlux}, Vector{AtmosTransport.IO.AbstractOutputWriter}, Vector{AtmosTransport.Callbacks.AbstractCallback}, AtmosTransport.Models.DoubleBuffer, AtmosTransport.Advection.PPMAdvection{7}, AtmosTransport.Chemistry.CompositeChemistry{Tuple{AtmosTransport.Chemistry.RadioactiveDecay{Float32}}}, AtmosTransport.Diffusion.NonLocalPBLDiffusion{Float32}, AtmosTransport.Convection.RASConvection})
    @ AtmosTransport.Models ~/code/gitHub/AtmosTransportModel/src/Models/run_loop.jl:17
 [15] top-level scope
    @ ~/code/gitHub/AtmosTransportModel/scripts/run.jl:62
 [16] include(mod::Module, _path::String)
    @ Base ./Base.jl:306
 [17] exec_options(opts::Base.JLOptions)
    @ Base ./client.jl:317
 [18] _start()
    @ Base ./client.jl:550
in expression starting at /home/cfranken/code/gitHub/AtmosTransportModel/scripts/run.jl:62
