Precompiling packages...
   5386.5 ms  ✓ AtmosTransport
  1 dependency successfully precompiled in 8 seconds. 355 already precompiled.
┌ Error: Error during loading of extension AtmosTransportCUDAExt of AtmosTransport, use `Base.retry_load_extensions()` to retry.
│   exception =
│    1-element ExceptionStack:
│    ArgumentError: Package AtmosTransportCUDAExt [75c1e8d0-5789-5489-a6b2-339989990b0e] is required but does not seem to be installed:
│     - Run `Pkg.instantiate()` to install all recorded dependencies.
│    
│    Stacktrace:
│      [1] __require_prelocked(pkg::Base.PkgId, env::Nothing)
│        @ Base ./loading.jl:2615
│      [2] _require_prelocked(uuidkey::Base.PkgId, env::Nothing)
│        @ Base ./loading.jl:2493
│      [3] _require_prelocked(uuidkey::Base.PkgId)
│        @ Base ./loading.jl:2487
│      [4] run_extension_callbacks(extid::Base.ExtensionId)
│        @ Base ./loading.jl:1607
│      [5] run_extension_callbacks(pkgid::Base.PkgId)
│        @ Base ./loading.jl:1644
│      [6] run_package_callbacks(modkey::Base.PkgId)
│        @ Base ./loading.jl:1460
│      [7] _require_prelocked(uuidkey::Base.PkgId, env::String)
│        @ Base ./loading.jl:2501
│      [8] macro expansion
│        @ ./loading.jl:2421 [inlined]
│      [9] macro expansion
│        @ ./lock.jl:376 [inlined]
│     [10] __require(into::Module, mod::Symbol)
│        @ Base ./loading.jl:2386
│     [11] require(into::Module, mod::Symbol)
│        @ Base ./loading.jl:2362
│     [12] top-level scope
│        @ ~/code/gitHub/AtmosTransportModel/scripts/benchmarks/bench_strang_sweep.jl:43
│     [13] include(mod::Module, _path::String)
│        @ Base ./Base.jl:306
│     [14] exec_options(opts::Base.JLOptions)
│        @ Base ./client.jl:317
│     [15] _start()
│        @ Base ./client.jl:550
└ @ Base loading.jl:1617
Strang sweep benchmark (medium / gpu: Nx=288 Ny=144 Nz=32 Nt=5, steps=40, events)
FT         Scheme         host(ms)     host MAD     cuda(ms)     cuda MAD   Δhost-cuda
--------------------------------------------------------------------------------
Float32    Upwind            2.997        0.014        2.987        0.014        0.011
Float32    Slopes            3.085        0.008        3.076        0.008        0.009
Float32    PPM               3.252        0.006        3.244        0.005        0.008
