┌ Error: Error during loading of extension AtmosTransportCUDAExt of AtmosTransport, use `Base.retry_load_extensions()` to retry.
│   exception =
│    1-element ExceptionStack:
│    ArgumentError: Package AtmosTransportCUDAExt [75c1e8d0-5789-5489-a6b2-339989990b0e] is required but does not seem to be installed:
│     - Run `Pkg.instantiate()` to install all recorded dependencies.
│    
│    Stacktrace:
│      [1] __require_prelocked(pkg::Base.PkgId, env::Nothing)
│        @ Base ./loading.jl:2615
│      [2] _require_prelocked(uuidkey::Base.PkgId, env::Nothing)
│        @ Base ./loading.jl:2493
│      [3] _require_prelocked(uuidkey::Base.PkgId)
│        @ Base ./loading.jl:2487
│      [4] run_extension_callbacks(extid::Base.ExtensionId)
│        @ Base ./loading.jl:1607
│      [5] run_extension_callbacks(pkgid::Base.PkgId)
│        @ Base ./loading.jl:1644
│      [6] run_package_callbacks(modkey::Base.PkgId)
│        @ Base ./loading.jl:1460
│      [7] _require_prelocked(uuidkey::Base.PkgId, env::String)
│        @ Base ./loading.jl:2501
│      [8] macro expansion
│        @ ./loading.jl:2421 [inlined]
│      [9] macro expansion
│        @ ./lock.jl:376 [inlined]
│     [10] __require(into::Module, mod::Symbol)
│        @ Base ./loading.jl:2386
│     [11] require(into::Module, mod::Symbol)
│        @ Base ./loading.jl:2362
│     [12] top-level scope
│        @ ~/code/gitHub/AtmosTransportModel/scripts/benchmarks/bench_strang_sweep.jl:43
│     [13] include(mod::Module, _path::String)
│        @ Base ./Base.jl:306
│     [14] exec_options(opts::Base.JLOptions)
│        @ Base ./client.jl:317
│     [15] _start()
│        @ Base ./client.jl:550
└ @ Base loading.jl:1617
Strang sweep benchmark (large / gpu: Nx=576 Ny=288 Nz=72 Nt=10, steps=60, events)
FT         Scheme         host(ms)     host MAD     cuda(ms)     cuda MAD   Δhost-cuda
--------------------------------------------------------------------------------
Float32    Upwind           46.103        0.084       46.092        0.086        0.011
Float32    Slopes           46.958        0.114       46.948        0.115        0.010
Float32    PPM              49.333        0.351       49.322        0.351        0.011
