=== test_basis_explicit_core.jl ===
ERROR: LoadError: Some tests did not pass: 6 passed, 2 failed, 0 errored, 0 broken.
in expression starting at /home/cfranken/code/gitHub/AtmosTransportModel/test/test_basis_explicit_core.jl:209
Test Summary:                  | Pass  Total  Time
PlanetParameters and AtmosGrid |    6      6  0.6s
Test Summary:             | Pass  Total  Time
Basis-explicit core types |    8      8  0.7s
Test Summary:                 | Pass  Total  Time
Standalone runtime smoke test |    6      6  2.0s
Test Summary:                              | Pass  Total  Time
Structured x-direction evolving-mass pilot |    6      6  2.7s
Test Summary:                                 | Pass  Total  Time
Clustered x-sweeps accept Int32 cluster_sizes |    8      8  0.8s
Test Summary:                                           | Pass  Total  Time
RussellLerner y-sweep stays finite with zero-mass donor |    4      4  0.6s
Test Summary:                                           | Pass  Total  Time
Face-indexed horizontal subcycling preserves positivity |    4      4  1.0s
Test Summary:                     | Pass  Total   Time
GPU static CFL enforces max_n_sub |    1      1  15.1s
Honest metadata-only CubedSphere API: Test Failed at /home/cfranken/code/gitHub/AtmosTransportModel/test/test_basis_explicit_core.jl:211
  Expression: cell_area(mesh, 1)
    Expected: ArgumentError
      Thrown: MethodError
      MethodError: no method matching cell_area(::CubedSphereMesh{Float64, GnomonicPanelConvention}, ::Int64)
      The function `cell_area` exists, but no method is defined for this combination of argument types.
      
      Closest candidates are:
        cell_area(::CubedSphereMesh, ::Integer, !Matched::Integer)
         @ Main.AtmosTransport ~/code/gitHub/AtmosTransportModel/src/Grids/CubedSphereMesh.jl:161
        cell_area(!Matched::ReducedGaussianMesh{FT}, ::Integer) where FT
         @ Main.AtmosTransport ~/code/gitHub/AtmosTransportModel/src/Grids/ReducedGaussianMesh.jl:260
        cell_area(!Matched::LatLonMesh, ::Integer)
         @ Main.AtmosTransport ~/code/gitHub/AtmosTransportModel/src/Grids/LatLonMesh.jl:174
        ...
      
      Stacktrace:
       [1] top-level scope
         @ ~/code/gitHub/AtmosTransportModel/test/test_basis_explicit_core.jl:210
       [2] macro expansion
         @ ~/.julia/juliaup/julia-1.12.5+0.x64.linux.gnu/share/julia/stdlib/v1.12/Test/src/Test.jl:1776 [inlined]
       [3] macro expansion
         @ ~/code/gitHub/AtmosTransportModel/test/test_basis_explicit_core.jl:211 [inlined]
       [4] macro expansion
         @ ~/.julia/juliaup/julia-1.12.5+0.x64.linux.gnu/share/julia/stdlib/v1.12/Test/src/Test.jl:774 [inlined]
       [5] macro expansion
         @ ~/code/gitHub/AtmosTransportModel/test/test_basis_explicit_core.jl:211 [inlined]

Stacktrace:
 [1] top-level scope
   @ ~/code/gitHub/AtmosTransportModel/test/test_basis_explicit_core.jl:210
 [2] macro expansion
   @ ~/.julia/juliaup/julia-1.12.5+0.x64.linux.gnu/share/julia/stdlib/v1.12/Test/src/Test.jl:1776 [inlined]
 [3] macro expansion
   @ ~/code/gitHub/AtmosTransportModel/test/test_basis_explicit_core.jl:211 [inlined]
Honest metadata-only CubedSphere API: Test Failed at /home/cfranken/code/gitHub/AtmosTransportModel/test/test_basis_explicit_core.jl:212
  Expression: face_cells(mesh, 1)
    Expected: ArgumentError
      Thrown: MethodError
      MethodError: no method matching face_cells(::CubedSphereMesh{Float64, GnomonicPanelConvention}, ::Int64)
      The function `face_cells` exists, but no method is defined for this combination of argument types.
      
      Closest candidates are:
        face_cells(!Matched::ReducedGaussianMesh, ::Integer)
         @ Main.AtmosTransport ~/code/gitHub/AtmosTransportModel/src/Grids/ReducedGaussianMesh.jl:316
        face_cells(!Matched::LatLonMesh, ::Integer)
         @ Main.AtmosTransport ~/code/gitHub/AtmosTransportModel/src/Grids/LatLonMesh.jl:252
      
      Stacktrace:
       [1] top-level scope
         @ ~/code/gitHub/AtmosTransportModel/test/test_basis_explicit_core.jl:210
       [2] macro expansion
         @ ~/.julia/juliaup/julia-1.12.5+0.x64.linux.gnu/share/julia/stdlib/v1.12/Test/src/Test.jl:1776 [inlined]
       [3] macro expansion
         @ ~/code/gitHub/AtmosTransportModel/test/test_basis_explicit_core.jl:212 [inlined]
       [4] macro expansion
         @ ~/.julia/juliaup/julia-1.12.5+0.x64.linux.gnu/share/julia/stdlib/v1.12/Test/src/Test.jl:774 [inlined]
       [5] macro expansion
         @ ~/code/gitHub/AtmosTransportModel/test/test_basis_explicit_core.jl:212 [inlined]

Stacktrace:
 [1] top-level scope
   @ ~/code/gitHub/AtmosTransportModel/test/test_basis_explicit_core.jl:210
 [2] macro expansion
   @ ~/.julia/juliaup/julia-1.12.5+0.x64.linux.gnu/share/julia/stdlib/v1.12/Test/src/Test.jl:1776 [inlined]
 [3] macro expansion
   @ ~/code/gitHub/AtmosTransportModel/test/test_basis_explicit_core.jl:212 [inlined]
Test Summary:                        | Pass  Fail  Total  Time
Honest metadata-only CubedSphere API |    6     2      8  3.8s
RNG of the outermost testset: Random.Xoshiro(0x401a188ad01dc1ee, 0x75f37c349f636720, 0x8c89d10a47da88d0, 0xb909e931ed5e4bb4, 0x6feb02b99320b54a)
exit=1
=== test_advection_kernels.jl ===
    CPU-GPU F64 1-step: rm_ulp=0.25 m_ulp=0.0
    CPU-GPU F64 4-step: rm_ulp=0.25 m_ulp=0.0
    CPU-GPU F32 1-step: rm_ulp=0.0078125 m_ulp=0.0
    CPU-GPU F32 4-step: rm_ulp=0.0234375 m_ulp=0.0
  F32 vs F64 max relative difference (4 steps): 1.4142303e-6
  F32 vs F64 global mass bias (4 steps):        3.158391710913603e-8
    RL vs Slopes Mono F64: rm_ulp=0.0  m_ulp=0.0
    RL vs Slopes NoLim F64: rm_ulp=0.0  m_ulp=0.0
    RL vs Slopes Mono F32: rm_ulp=0.0  m_ulp=0.0
    RL vs Slopes NoLim F32: rm_ulp=0.0  m_ulp=0.0
Test Summary:                            | Pass  Total   Time
Advection kernels: {CPU,GPU} × {F32,F64} |   40     40  40.8s
    CPU-GPU Slopes F64 4-step: rm_ulp=0.00390625 m_ulp=0.0
    CPU-GPU Slopes F32 4-step: rm_ulp=0.0 m_ulp=0.0
  Slopes F32 vs F64 max relative difference (4 steps): 1.3356629e-6
  Slopes F32 vs F64 global mass bias (4 steps):        7.121686260708159e-9
Test Summary:                               | Pass  Total  Time
SlopesScheme kernels: {CPU,GPU} × {F32,F64} |   20     20  2.3s
    CPU-GPU PPM F64 4-step: rm_ulp=0.25 m_ulp=0.0
    CPU-GPU PPM F32 4-step: rm_ulp=0.25 m_ulp=0.0
  PPM F32 vs F64 max relative difference (4 steps): 1.257094e-6
  PPM F32 vs F64 global mass bias (4 steps):        -2.1969321594608833e-8
Test Summary:                            | Pass  Total  Time
PPMScheme kernels: {CPU,GPU} × {F32,F64} |   20     20  3.7s
    MT CPU-GPU F64: m_ulp=0.0
    MT CPU-GPU F32: m_ulp=0.0
Test Summary:              | Pass  Total  Time
Multi-tracer kernel fusion |   84     84  9.3s

✓ All advection kernel cross-backend/precision tests completed!
exit=0
=== test_structured_mesh_metadata.jl ===
ERROR: LoadError: Some tests did not pass: 10 passed, 3 failed, 0 errored, 0 broken.
in expression starting at /home/cfranken/code/gitHub/AtmosTransportModel/test/test_structured_mesh_metadata.jl:28
Test Summary:                   | Pass  Total  Time
LatLonMesh style and validation |   12     12  0.7s
CubedSphereMesh conventions: Test Failed at /home/cfranken/code/gitHub/AtmosTransportModel/test/test_structured_mesh_metadata.jl:38
  Expression: panel_convention(geos_mesh) isa GEOSNativePanelConvention
   Evaluated: GnomonicPanelConvention() isa GEOSNativePanelConvention

Stacktrace:
 [1] top-level scope
   @ ~/code/gitHub/AtmosTransportModel/test/test_structured_mesh_metadata.jl:29
 [2] macro expansion
   @ ~/.julia/juliaup/julia-1.12.5+0.x64.linux.gnu/share/julia/stdlib/v1.12/Test/src/Test.jl:1776 [inlined]
 [3] macro expansion
   @ ~/code/gitHub/AtmosTransportModel/test/test_structured_mesh_metadata.jl:38 [inlined]
 [4] macro expansion
   @ ~/.julia/juliaup/julia-1.12.5+0.x64.linux.gnu/share/julia/stdlib/v1.12/Test/src/Test.jl:680 [inlined]
CubedSphereMesh conventions: Test Failed at /home/cfranken/code/gitHub/AtmosTransportModel/test/test_structured_mesh_metadata.jl:40
  Expression: panel_labels(geos_mesh) == (:equatorial_1, :equatorial_2, :north_pole, :equatorial_4, :equatorial_5, :south_pole)
   Evaluated: (:x_plus, :y_plus, :x_minus, :y_minus, :north_pole, :south_pole) == (:equatorial_1, :equatorial_2, :north_pole, :equatorial_4, :equatorial_5, :south_pole)

Stacktrace:
 [1] top-level scope
   @ ~/code/gitHub/AtmosTransportModel/test/test_structured_mesh_metadata.jl:29
 [2] macro expansion
   @ ~/.julia/juliaup/julia-1.12.5+0.x64.linux.gnu/share/julia/stdlib/v1.12/Test/src/Test.jl:1776 [inlined]
 [3] macro expansion
   @ ~/code/gitHub/AtmosTransportModel/test/test_structured_mesh_metadata.jl:40 [inlined]
 [4] macro expansion
   @ ~/.julia/juliaup/julia-1.12.5+0.x64.linux.gnu/share/julia/stdlib/v1.12/Test/src/Test.jl:680 [inlined]
CubedSphereMesh conventions: Test Failed at /home/cfranken/code/gitHub/AtmosTransportModel/test/test_structured_mesh_metadata.jl:45
  Expression: occursin("equatorial_1", shown)
   Evaluated: occursin("equatorial_1", "C180 CubedSphereMesh{Float64, GnomonicPanelConvention}\n├── panels:    6 with 180×180 cells each\n├── halo:      1 cells\n├── ordering:  x_plus, y_plus, x_minus, y_minus, north_pole, south_pole\n├── Δx range:  39.49–55.6 km\n└── radius:    6.371e6 m")

Stacktrace:
 [1] top-level scope
   @ ~/code/gitHub/AtmosTransportModel/test/test_structured_mesh_metadata.jl:29
 [2] macro expansion
   @ ~/.julia/juliaup/julia-1.12.5+0.x64.linux.gnu/share/julia/stdlib/v1.12/Test/src/Test.jl:1776 [inlined]
 [3] macro expansion
   @ ~/code/gitHub/AtmosTransportModel/test/test_structured_mesh_metadata.jl:45 [inlined]
 [4] macro expansion
   @ ~/.julia/juliaup/julia-1.12.5+0.x64.linux.gnu/share/julia/stdlib/v1.12/Test/src/Test.jl:680 [inlined]
Test Summary:               | Pass  Fail  Total  Time
CubedSphereMesh conventions |   10     3     13  2.1s
RNG of the outermost testset: Random.Xoshiro(0x816618bfd714ec76, 0x1c9e7f73641b6910, 0xccd3774e08d9b4e5, 0xa48f8e048456f391, 0x574fcdbfce085916)
exit=1
=== test_reduced_gaussian_mesh.jl ===
Test Summary:              | Pass  Total  Time
ReducedGaussianMesh wiring |    4      4  0.1s
Test Summary:                | Pass  Total  Time
ReducedGaussianMesh geometry |   22     22  0.7s
exit=0
=== test_driven_simulation.jl ===
Test Summary:                                                          | Pass  Total  Time
DrivenSimulation optional no-reset window carry preserves mixing ratio |    3      3  7.4s
Test Summary:                                         | Pass  Total  Time
DrivenSimulation applies bottom-layer surface sources |    4      4  1.0s
Test Summary:                           | Pass  Total  Time
DrivenSimulation window-forcing runtime |   50     50  2.0s
exit=0
=== test_cubed_sphere_advection.jl ===
[ Info: Poisson balance: corrected 4/4 levels, max pre-balance residual: 0.0175 kg
[ Info: Poisson balance: corrected 4/4 levels, max pre-balance residual: 0.0175 kg
Test Summary:            | Pass  Total  Time
CubedSphereMesh geometry |   36     36  0.9s
Test Summary: | Pass  Total  Time
Halo exchange |  496    496  0.6s
Test Summary:                      | Pass  Total  Time
CS Strang splitting — UpwindScheme |    2      2  1.2s
Test Summary:                                       | Pass  Total  Time
CS Strang splitting — SlopesScheme{MonotoneLimiter} |    9      9  2.2s
Test Summary:                   | Pass  Total  Time
CS Strang splitting — PPMScheme |    3      3  1.0s
Test Summary:      | Pass  Total  Time
CS halo validation |    2      2  0.5s
Test Summary:                              | Pass  Total  Time
LLPoissonWorkspace zero-allocation balance |    1      1  0.8s
Test Summary:          | Pass  Total  Time
CS advection — Float32 |    1      1  1.8s
exit=0
=== test_poisson_balance.jl ===
Test Summary:          | Pass  Total  Time
LL FFT Poisson balance |    6      6  1.9s
mirror_sign: inflow positions get +1, outflow get -1: Test Failed at /home/cfranken/code/gitHub/AtmosTransportModel/test/test_poisson_balance.jl:207
  Expression: ms == expected
   Evaluated: 1 == -1

Stacktrace:
 [1] top-level scope
   @ ~/code/gitHub/AtmosTransportModel/test/test_poisson_balance.jl:117
 [2] macro expansion
   @ ~/.julia/juliaup/julia-1.12.5+0.x64.linux.gnu/share/julia/stdlib/v1.12/Test/src/Test.jl:1776 [inlined]
 [3] macro expansion
   @ ~/code/gitHub/AtmosTransportModel/test/test_poisson_balance.jl:189 [inlined]
 [4] macro expansion
   @ ~/.julia/juliaup/julia-1.12.5+0.x64.linux.gnu/share/julia/stdlib/v1.12/Test/src/Test.jl:1776 [inlined]
 [5] macro expansion
   @ ~/code/gitHub/AtmosTransportModel/test/test_poisson_balance.jl:207 [inlined]
 [6] macro expansion
   @ ~/.julia/juliaup/julia-1.12.5+0.x64.linux.gnu/share/julia/stdlib/v1.12/Test/src/Test.jl:680 [inlined]
mirror_sign: inflow positions get +1, outflow get -1: Test Failed at /home/cfranken/code/gitHub/AtmosTransportModel/test/test_poisson_balance.jl:207
  Expression: ms == expected
   Evaluated: 1 == -1

Stacktrace:
 [1] top-level scope
   @ ~/code/gitHub/AtmosTransportModel/test/test_poisson_balance.jl:117
 [2] macro expansion
   @ ~/.julia/juliaup/julia-1.12.5+0.x64.linux.gnu/share/julia/stdlib/v1.12/Test/src/Test.jl:1776 [inlined]
 [3] macro expansion
   @ ~/code/gitHub/AtmosTransportModel/test/test_poisson_balance.jl:189 [inlined]
 [4] macro expansion
   @ ~/.julia/juliaup/julia-1.12.5+0.x64.linux.gnu/share/julia/stdlib/v1.12/Test/src/Test.jl:1776 [inlined]
 [5] macro expansion
   @ ~/code/gitHub/AtmosTransportModel/test/test_poisson_balance.jl:207 [inlined]
 [6] macro expansion
   @ ~/.julia/juliaup/julia-1.12.5+0.x64.linux.gnu/share/julia/stdlib/v1.12/Test/src/Test.jl:680 [inlined]
mirror_sign: inflow positions get +1, outflow get -1: Test Failed at /home/cfranken/code/gitHub/AtmosTransportModel/test/test_poisson_balance.jl:207
  Expression: ms == expected
   Evaluated: 1 == -1

Stacktrace:
 [1] top-level scope
   @ ~/code/gitHub/AtmosTransportModel/test/test_poisson_balance.jl:117
 [2] macro expansion
   @ ~/.julia/juliaup/julia-1.12.5+0.x64.linux.gnu/share/julia/stdlib/v1.12/Test/src/Test.jl:1776 [inlined]
 [3] macro expansion
   @ ~/code/gitHub/AtmosTransportModel/test/test_poisson_balance.jl:189 [inlined]
 [4] macro expansion
   @ ~/.julia/juliaup/julia-1.12.5+0.x64.linux.gnu/share/julia/stdlib/v1.12/Test/src/Test.jl:1776 [inlined]
 [5] macro expansion
   @ ~/code/gitHub/AtmosTransportModel/test/test_poisson_balance.jl:207 [inlined]
 [6] macro expansion
   @ ~/.julia/juliaup/julia-1.12.5+0.x64.linux.gnu/share/julia/stdlib/v1.12/Test/src/Test.jl:680 [inlined]
mirror_sign: inflow positions get +1, outflow get -1: Test Failed at /home/cfranken/code/gitHub/AtmosTransportModel/test/test_poisson_balance.jl:207
  Expression: ms == expected
   Evaluated: 1 == -1

Stacktrace:
 [1] top-level scope
   @ ~/code/gitHub/AtmosTransportModel/test/test_poisson_balance.jl:117
 [2] macro expansion
   @ ~/.julia/juliaup/julia-1.12.5+0.x64.linux.gnu/share/julia/stdlib/v1.12/Test/src/Test.jl:1776 [inlined]
 [3] macro expansion
   @ ~/code/gitHub/AtmosTransportModel/test/test_poisson_balance.jl:189 [inlined]
 [4] macro expansion
   @ ~/.julia/juliaup/julia-1.12.5+0.x64.linux.gnu/share/julia/stdlib/v1.12/Test/src/Test.jl:1776 [inlined]
 [5] macro expansion
   @ ~/code/gitHub/AtmosTransportModel/test/test_poisson_balance.jl:207 [inlined]
 [6] macro expansion
   @ ~/.julia/juliaup/julia-1.12.5+0.x64.linux.gnu/share/julia/stdlib/v1.12/Test/src/Test.jl:680 [inlined]
mirror_sign: inflow positions get +1, outflow get -1: Test Failed at /home/cfranken/code/gitHub/AtmosTransportModel/test/test_poisson_balance.jl:207
  Expression: ms == expected
   Evaluated: 1 == -1

Stacktrace:
 [1] top-level scope
   @ ~/code/gitHub/AtmosTransportModel/test/test_poisson_balance.jl:117
 [2] macro expansion
   @ ~/.julia/juliaup/julia-1.12.5+0.x64.linux.gnu/share/julia/stdlib/v1.12/Test/src/Test.jl:1776 [inlined]
 [3] macro expansion
   @ ~/code/gitHub/AtmosTransportModel/test/test_poisson_balance.jl:189 [inlined]
 [4] macro expansion
   @ ~/.julia/juliaup/julia-1.12.5+0.x64.linux.gnu/share/julia/stdlib/v1.12/Test/src/Test.jl:1776 [inlined]
 [5] macro expansion
   @ ~/code/gitHub/AtmosTransportModel/test/test_poisson_balance.jl:207 [inlined]
 [6] macro expansion
   @ ~/.julia/juliaup/julia-1.12.5+0.x64.linux.gnu/share/julia/stdlib/v1.12/Test/src/Test.jl:680 [inlined]
mirror_sign: inflow positions get +1, outflow get -1: Test Failed at /home/cfranken/code/gitHub/AtmosTransportModel/test/test_poisson_balance.jl:207
  Expression: ms == expected
   Evaluated: 1 == -1

Stacktrace:
 [1] top-level scope
   @ ~/code/gitHub/AtmosTransportModel/test/test_poisson_balance.jl:117
 [2] macro expansion
   @ ~/.julia/juliaup/julia-1.12.5+0.x64.linux.gnu/share/julia/stdlib/v1.12/Test/src/Test.jl:1776 [inlined]
 [3] macro expansion
   @ ~/code/gitHub/AtmosTransportModel/test/test_poisson_balance.jl:189 [inlined]
 [4] macro expansion
   @ ~/.julia/juliaup/julia-1.12.5+0.x64.linux.gnu/share/julia/stdlib/v1.12/Test/src/Test.jl:1776 [inlined]
 [5] macro expansion
   @ ~/code/gitHub/AtmosTransportModel/test/test_poisson_balance.jl:207 [inlined]
 [6] macro expansion
   @ ~/.julia/juliaup/julia-1.12.5+0.x64.linux.gnu/share/julia/stdlib/v1.12/Test/src/Test.jl:680 [inlined]
mirror_sign: inflow positions get +1, outflow get -1: Test Failed at /home/cfranken/code/gitHub/AtmosTransportModel/test/test_poisson_balance.jl:207
  Expression: ms == expected
   Evaluated: 1 == -1

Stacktrace:
 [1] top-level scope
   @ ~/code/gitHub/AtmosTransportModel/test/test_poisson_balance.jl:117
 [2] macro expansion
   @ ~/.julia/juliaup/julia-1.12.5+0.x64.linux.gnu/share/julia/stdlib/v1.12/Test/src/Test.jl:1776 [inlined]
 [3] macro expansion
   @ ~/code/gitHub/AtmosTransportModel/test/test_poisson_balance.jl:189 [inlined]
 [4] macro expansion
   @ ~/.julia/juliaup/julia-1.12.5+0.x64.linux.gnu/share/julia/stdlib/v1.12/Test/src/Test.jl:1776 [inlined]
 [5] macro expansion
   @ ~/code/gitHub/AtmosTransportModel/test/test_poisson_balance.jl:207 [inlined]
 [6] macro expansion
   @ ~/.julia/juliaup/julia-1.12.5+0.x64.linux.gnu/share/julia/stdlib/v1.12/Test/src/Test.jl:680 [inlined]
mirror_sign: inflow positions get +1, outflow get -1: Test Failed at /home/cfranken/code/gitHub/AtmosTransportModel/test/test_poisson_balance.jl:207
  Expression: ms == expected
   Evaluated: 1 == -1

Stacktrace:
 [1] top-level scope
   @ ~/code/gitHub/AtmosTransportModel/test/test_poisson_balance.jl:117
 [2] macro expansion
   @ ~/.julia/juliaup/julia-1.12.5+0.x64.linux.gnu/share/julia/stdlib/v1.12/Test/src/Test.jl:1776 [inlined]
 [3] macro expansion
   @ ~/code/gitHub/AtmosTransportModel/test/test_poisson_balance.jl:189 [inlined]
 [4] macro expansion
   @ ~/.julia/juliaup/julia-1.12.5+0.x64.linux.gnu/share/julia/stdlib/v1.12/Test/src/Test.jl:1776 [inlined]
 [5] macro expansion
   @ ~/code/gitHub/AtmosTransportModel/test/test_poisson_balance.jl:207 [inlined]
 [6] macro expansion
   @ ~/.julia/juliaup/julia-1.12.5+0.x64.linux.gnu/share/julia/stdlib/v1.12/Test/src/Test.jl:680 [inlined]
mirror_sign: inflow positions get +1, outflow get -1: Test Failed at /home/cfranken/code/gitHub/AtmosTransportModel/test/test_poisson_balance.jl:207
  Expression: ms == expected
   Evaluated: 1 == -1

Stacktrace:
 [1] top-level scope
   @ ~/code/gitHub/AtmosTransportModel/test/test_poisson_balance.jl:117
 [2] macro expansion
   @ ~/.julia/juliaup/julia-1.12.5+0.x64.linux.gnu/share/julia/stdlib/v1.12/Test/src/Test.jl:1776 [inlined]
 [3] macro expansion
   @ ~/code/gitHub/AtmosTransportModel/test/test_poisson_balance.jl:189 [inlined]
 [4] macro expansion
   @ ~/.julia/juliaup/julia-1.12.5+0.x64.linux.gnu/share/julia/stdlib/v1.12/Test/src/Test.jl:1776 [inlined]
 [5] macro expansion
   @ ~/code/gitHub/AtmosTransportModel/test/test_poisson_balance.jl:207 [inlined]
 [6] macro expansion
   @ ~/.julia/juliaup/julia-1.12.5+0.x64.linux.gnu/share/julia/stdlib/v1.12/Test/src/Test.jl:680 [inlined]
mirror_sign: inflow positions get +1, outflow get -1: Test Failed at /home/cfranken/code/gitHub/AtmosTransportModel/test/test_poisson_balance.jl:207
  Expression: ms == expected
   Evaluated: 1 == -1

Stacktrace:
 [1] top-level scope
   @ ~/code/gitHub/AtmosTransportModel/test/test_poisson_balance.jl:117
 [2] macro expansion
   @ ~/.julia/juliaup/julia-1.12.5+0.x64.linux.gnu/share/julia/stdlib/v1.12/Test/src/Test.jl:1776 [inlined]
 [3] macro expansion
   @ ~/code/gitHub/AtmosTransportModel/test/test_poisson_balance.jl:189 [inlined]
 [4] macro expansion
   @ ~/.julia/juliaup/julia-1.12.5+0.x64.linux.gnu/share/julia/stdlib/v1.12/Test/src/Test.jl:1776 [inlined]
 [5] macro expansion
   @ ~/code/gitHub/AtmosTransportModel/test/test_poisson_balance.jl:207 [inlined]
 [6] macro expansion
   @ ~/.julia/juliaup/julia-1.12.5+0.x64.linux.gnu/share/julia/stdlib/v1.12/Test/src/Test.jl:680 [inlined]
mirror_sign: inflow positions get +1, outflow get -1: Test Failed at /home/cfranken/code/gitHub/AtmosTransportModel/test/test_poisson_balance.jl:207
  Expression: ms == expected
   Evaluated: 1 == -1

Stacktrace:
 [1] top-level scope
   @ ~/code/gitHub/AtmosTransportModel/test/test_poisson_balance.jl:117
 [2] macro expansion
   @ ~/.julia/juliaup/julia-1.12.5+0.x64.linux.gnu/share/julia/stdlib/v1.12/Test/src/Test.jl:1776 [inlined]
 [3] macro expansion
   @ ~/code/gitHub/AtmosTransportModel/test/test_poisson_balance.jl:189 [inlined]
 [4] macro expansion
   @ ~/.julia/juliaup/julia-1.12.5+0.x64.linux.gnu/share/julia/stdlib/v1.12/Test/src/Test.jl:1776 [inlined]
 [5] macro expansion
   @ ~/code/gitHub/AtmosTransportModel/test/test_poisson_balance.jl:207 [inlined]
 [6] macro expansion
   @ ~/.julia/juliaup/julia-1.12.5+0.x64.linux.gnu/share/julia/stdlib/v1.12/Test/src/Test.jl:680 [inlined]
mirror_sign: inflow positions get +1, outflow get -1: Test Failed at /home/cfranken/code/gitHub/AtmosTransportModel/test/test_poisson_balance.jl:207
  Expression: ms == expected
   Evaluated: 1 == -1

Stacktrace:
 [1] top-level scope
   @ ~/code/gitHub/AtmosTransportModel/test/test_poisson_balance.jl:117
 [2] macro expansion
   @ ~/.julia/juliaup/julia-1.12.5+0.x64.linux.gnu/share/julia/stdlib/v1.12/Test/src/Test.jl:1776 [inlined]
 [3] macro expansion
   @ ~/code/gitHub/AtmosTransportModel/test/test_poisson_balance.jl:189 [inlined]
 [4] macro expansion
   @ ~/.julia/juliaup/julia-1.12.5+0.x64.linux.gnu/share/julia/stdlib/v1.12/Test/src/Test.jl:1776 [inlined]
 [5] macro expansion
   @ ~/code/gitHub/AtmosTransportModel/test/test_poisson_balance.jl:207 [inlined]
 [6] macro expansion
   @ ~/.julia/juliaup/julia-1.12.5+0.x64.linux.gnu/share/julia/stdlib/v1.12/Test/src/Test.jl:680 [inlined]
mirror_sign: inflow positions get +1, outflow get -1: Test Failed at /home/cfranken/code/gitHub/AtmosTransportModel/test/test_poisson_balance.jl:207
  Expression: ms == expected
   Evaluated: 1 == -1

Stacktrace:
 [1] top-level scope
   @ ~/code/gitHub/AtmosTransportModel/test/test_poisson_balance.jl:117
 [2] macro expansion
   @ ~/.julia/juliaup/julia-1.12.5+0.x64.linux.gnu/share/julia/stdlib/v1.12/Test/src/Test.jl:1776 [inlined]
 [3] macro expansion
   @ ~/code/gitHub/AtmosTransportModel/test/test_poisson_balance.jl:189 [inlined]
 [4] macro expansion
   @ ~/.julia/juliaup/julia-1.12.5+0.x64.linux.gnu/share/julia/stdlib/v1.12/Test/src/Test.jl:1776 [inlined]
 [5] macro expansion
   @ ~/code/gitHub/AtmosTransportModel/test/test_poisson_balance.jl:207 [inlined]
 [6] macro expansion
   @ ~/.julia/juliaup/julia-1.12.5+0.x64.linux.gnu/share/julia/stdlib/v1.12/Test/src/Test.jl:680 [inlined]
mirror_sign: inflow positions get +1, outflow get -1: Test Failed at /home/cfranken/code/gitHub/AtmosTransportModel/test/test_poisson_balance.jl:207
  Expression: ms == expected
   Evaluated: 1 == -1

Stacktrace:
 [1] top-level scope
   @ ~/code/gitHub/AtmosTransportModel/test/test_poisson_balance.jl:117
 [2] macro expansion
   @ ~/.julia/juliaup/julia-1.12.5+0.x64.linux.gnu/share/julia/stdlib/v1.12/Test/src/Test.jl:1776 [inlined]
 [3] macro expansion
   @ ~/code/gitHub/AtmosTransportModel/test/test_poisson_balance.jl:189 [inlined]
 [4] macro expansion
   @ ~/.julia/juliaup/julia-1.12.5+0.x64.linux.gnu/share/julia/stdlib/v1.12/Test/src/Test.jl:1776 [inlined]
 [5] macro expansion
   @ ~/code/gitHub/AtmosTransportModel/test/test_poisson_balance.jl:207 [inlined]
 [6] macro expansion
   @ ~/.julia/juliaup/julia-1.12.5+0.x64.linux.gnu/share/julia/stdlib/v1.12/Test/src/Test.jl:680 [inlined]
mirror_sign: inflow positions get +1, outflow get -1: Test Failed at /home/cfranken/code/gitHub/AtmosTransportModel/test/test_poisson_balance.jl:207
  Expression: ms == expected
   Evaluated: 1 == -1

Stacktrace:
 [1] top-level scope
   @ ~/code/gitHub/AtmosTransportModel/test/test_poisson_balance.jl:117
 [2] macro expansion
   @ ~/.julia/juliaup/julia-1.12.5+0.x64.linux.gnu/share/julia/stdlib/v1.12/Test/src/Test.jl:1776 [inlined]
 [3] macro expansion
   @ ~/code/gitHub/AtmosTransportModel/test/test_poisson_balance.jl:189 [inlined]
 [4] macro expansion
   @ ~/.julia/juliaup/julia-1.12.5+0.x64.linux.gnu/share/julia/stdlib/v1.12/Test/src/Test.jl:1776 [inlined]
 [5] macro expansion
   @ ~/code/gitHub/AtmosTransportModel/test/test_poisson_balance.jl:207 [inlined]
 [6] macro expansion
   @ ~/.julia/juliaup/julia-1.12.5+0.x64.linux.gnu/share/julia/stdlib/v1.12/Test/src/Test.jl:680 [inlined]
mirror_sign: inflow positions get +1, outflow get -1: Test Failed at /home/cfranken/code/gitHub/AtmosTransportModel/test/test_poisson_balance.jl:207
  Expression: ms == expected
   Evaluated: 1 == -1

Stacktrace:
 [1] top-level scope
   @ ~/code/gitHub/AtmosTransportModel/test/test_poisson_balance.jl:117
 [2] macro expansion
   @ ~/.julia/juliaup/julia-1.12.5+0.x64.linux.gnu/share/julia/stdlib/v1.12/Test/src/Test.jl:1776 [inlined]
 [3] macro expansion
   @ ~/code/gitHub/AtmosTransportModel/test/test_poisson_balance.jl:189 [inlined]
 [4] macro expansion
   @ ~/.julia/juliaup/julia-1.12.5+0.x64.linux.gnu/share/julia/stdlib/v1.12/Test/src/Test.jl:1776 [inlined]
 [5] macro expansion
   @ ~/code/gitHub/AtmosTransportModel/test/test_poisson_balance.jl:207 [inlined]
 [6] macro expansion
   @ ~/.julia/juliaup/julia-1.12.5+0.x64.linux.gnu/share/julia/stdlib/v1.12/Test/src/Test.jl:680 [inlined]
mirror_sign: inflow positions get +1, outflow get -1: Test Failed at /home/cfranken/code/gitHub/AtmosTransportModel/test/test_poisson_balance.jl:207
  Expression: ms == expected
   Evaluated: 1 == -1

Stacktrace:
 [1] top-level scope
   @ ~/code/gitHub/AtmosTransportModel/test/test_poisson_balance.jl:117
 [2] macro expansion
   @ ~/.julia/juliaup/julia-1.12.5+0.x64.linux.gnu/share/julia/stdlib/v1.12/Test/src/Test.jl:1776 [inlined]
 [3] macro expansion
   @ ~/code/gitHub/AtmosTransportModel/test/test_poisson_balance.jl:189 [inlined]
 [4] macro expansion
   @ ~/.julia/juliaup/julia-1.12.5+0.x64.linux.gnu/share/julia/stdlib/v1.12/Test/src/Test.jl:1776 [inlined]
 [5] macro expansion
   @ ~/code/gitHub/AtmosTransportModel/test/test_poisson_balance.jl:207 [inlined]
 [6] macro expansion
   @ ~/.julia/juliaup/julia-1.12.5+0.x64.linux.gnu/share/julia/stdlib/v1.12/Test/src/Test.jl:680 [inlined]
mirror_sign: inflow positions get +1, outflow get -1: Test Failed at /home/cfranken/code/gitHub/AtmosTransportModel/test/test_poisson_balance.jl:207
  Expression: ms == expected
   Evaluated: 1 == -1

Stacktrace:
 [1] top-level scope
   @ ~/code/gitHub/AtmosTransportModel/test/test_poisson_balance.jl:117
 [2] macro expansion
   @ ~/.julia/juliaup/julia-1.12.5+0.x64.linux.gnu/share/julia/stdlib/v1.12/Test/src/Test.jl:1776 [inlined]
 [3] macro expansion
   @ ~/code/gitHub/AtmosTransportModel/test/test_poisson_balance.jl:189 [inlined]
 [4] macro expansion
   @ ~/.julia/juliaup/julia-1.12.5+0.x64.linux.gnu/share/julia/stdlib/v1.12/Test/src/Test.jl:1776 [inlined]
 [5] macro expansion
   @ ~/code/gitHub/AtmosTransportModel/test/test_poisson_balance.jl:207 [inlined]
 [6] macro expansion
   @ ~/.julia/juliaup/julia-1.12.5+0.x64.linux.gnu/share/julia/stdlib/v1.12/Test/src/Test.jl:680 [inlined]
mirror_sign: inflow positions get +1, outflow get -1: Test Failed at /home/cfranken/code/gitHub/AtmosTransportModel/test/test_poisson_balance.jl:207
  Expression: ms == expected
   Evaluated: 1 == -1

Stacktrace:
 [1] top-level scope
   @ ~/code/gitHub/AtmosTransportModel/test/test_poisson_balance.jl:117
 [2] macro expansion
   @ ~/.julia/juliaup/julia-1.12.5+0.x64.linux.gnu/share/julia/stdlib/v1.12/Test/src/Test.jl:1776 [inlined]
 [3] macro expansion
   @ ~/code/gitHub/AtmosTransportModel/test/test_poisson_balance.jl:189 [inlined]
 [4] macro expansion
   @ ~/.julia/juliaup/julia-1.12.5+0.x64.linux.gnu/share/julia/stdlib/v1.12/Test/src/Test.jl:1776 [inlined]
 [5] macro expansion
   @ ~/code/gitHub/AtmosTransportModel/test/test_poisson_balance.jl:207 [inlined]
 [6] macro expansion
   @ ~/.julia/juliaup/julia-1.12.5+0.x64.linux.gnu/share/julia/stdlib/v1.12/Test/src/Test.jl:680 [inlined]
mirror_sign: inflow positions get +1, outflow get -1: Test Failed at /home/cfranken/code/gitHub/AtmosTransportModel/test/test_poisson_balance.jl:207
  Expression: ms == expected
   Evaluated: 1 == -1

Stacktrace:
 [1] top-level scope
   @ ~/code/gitHub/AtmosTransportModel/test/test_poisson_balance.jl:117
 [2] macro expansion
   @ ~/.julia/juliaup/julia-1.12.5+0.x64.linux.gnu/share/julia/stdlib/v1.12/Test/src/Test.jl:1776 [inlined]
 [3] macro expansion
   @ ~/code/gitHub/AtmosTransportModel/test/test_poisson_balance.jl:189 [inlined]
 [4] macro expansion
   @ ~/.julia/juliaup/julia-1.12.5+0.x64.linux.gnu/share/julia/stdlib/v1.12/Test/src/Test.jl:1776 [inlined]
 [5] macro expansion
   @ ~/code/gitHub/AtmosTransportModel/test/test_poisson_balance.jl:207 [inlined]
 [6] macro expansion
   @ ~/.julia/juliaup/julia-1.12.5+0.x64.linux.gnu/share/julia/stdlib/v1.12/Test/src/Test.jl:680 [inlined]
mirror_sign: inflow positions get +1, outflow get -1: Test Failed at /home/cfranken/code/gitHub/AtmosTransportModel/test/test_poisson_balance.jl:207
  Expression: ms == expected
   Evaluated: 1 == -1

Stacktrace:
 [1] top-level scope
   @ ~/code/gitHub/AtmosTransportModel/test/test_poisson_balance.jl:117
 [2] macro expansion
   @ ~/.julia/juliaup/julia-1.12.5+0.x64.linux.gnu/share/julia/stdlib/v1.12/Test/src/Test.jl:1776 [inlined]
 [3] macro expansion
   @ ~/code/gitHub/AtmosTransportModel/test/test_poisson_balance.jl:189 [inlined]
 [4] macro expansion
   @ ~/.julia/juliaup/julia-1.12.5+0.x64.linux.gnu/share/julia/stdlib/v1.12/Test/src/Test.jl:1776 [inlined]
 [5] macro expansion
   @ ~/code/gitHub/AtmosTransportModel/test/test_poisson_balance.jl:207 [inlined]
 [6] macro expansion
   @ ~/.julia/juliaup/julia-1.12.5+0.x64.linux.gnu/share/julia/stdlib/v1.12/Test/src/Test.jl:680 [inlined]
mirror_sign: inflow positions get +1, outflow get -1: Test Failed at /home/cfranken/code/gitHub/AtmosTransportModel/test/test_poisson_balance.jl:207
  Expression: ms == expected
   Evaluated: 1 == -1

Stacktrace:
 [1] top-level scope
   @ ~/code/gitHub/AtmosTransportModel/test/test_poisson_balance.jl:117
 [2] macro expansion
   @ ~/.julia/juliaup/julia-1.12.5+0.x64.linux.gnu/share/julia/stdlib/v1.12/Test/src/Test.jl:1776 [inlined]
 [3] macro expansion
   @ ~/code/gitHub/AtmosTransportModel/test/test_poisson_balance.jl:189 [inlined]
 [4] macro expansion
   @ ~/.julia/juliaup/julia-1.12.5+0.x64.linux.gnu/share/julia/stdlib/v1.12/Test/src/Test.jl:1776 [inlined]
 [5] macro expansion
   @ ~/code/gitHub/AtmosTransportModel/test/test_poisson_balance.jl:207 [inlined]
 [6] macro expansion
   @ ~/.julia/juliaup/julia-1.12.5+0.x64.linux.gnu/share/julia/stdlib/v1.12/Test/src/Test.jl:680 [inlined]
mirror_sign: inflow positions get +1, outflow get -1: Test Failed at /home/cfranken/code/gitHub/AtmosTransportModel/test/test_poisson_balance.jl:207
  Expression: ms == expected
   Evaluated: 1 == -1

Stacktrace:
 [1] top-level scope
   @ ~/code/gitHub/AtmosTransportModel/test/test_poisson_balance.jl:117
 [2] macro expansion
   @ ~/.julia/juliaup/julia-1.12.5+0.x64.linux.gnu/share/julia/stdlib/v1.12/Test/src/Test.jl:1776 [inlined]
 [3] macro expansion
   @ ~/code/gitHub/AtmosTransportModel/test/test_poisson_balance.jl:189 [inlined]
 [4] macro expansion
   @ ~/.julia/juliaup/julia-1.12.5+0.x64.linux.gnu/share/julia/stdlib/v1.12/Test/src/Test.jl:1776 [inlined]
 [5] macro expansion
   @ ~/code/gitHub/AtmosTransportModel/test/test_poisson_balance.jl:207 [inlined]
 [6] macro expansion
   @ ~/.julia/juliaup/julia-1.12.5+0.x64.linux.gnu/share/julia/stdlib/v1.12/Test/src/Test.jl:680 [inlined]
mirror_sign: inflow positions get +1, outflow get -1: Test Failed at /home/cfranken/code/gitHub/AtmosTransportModel/test/test_poisson_balance.jl:207
  Expression: ms == expected
   Evaluated: 1 == -1

Stacktrace:
 [1] top-level scope
   @ ~/code/gitHub/AtmosTransportModel/test/test_poisson_balance.jl:117
 [2] macro expansion
   @ ~/.julia/juliaup/julia-1.12.5+0.x64.linux.gnu/share/julia/stdlib/v1.12/Test/src/Test.jl:1776 [inlined]
 [3] macro expansion
   @ ~/code/gitHub/AtmosTransportModel/test/test_poisson_balance.jl:189 [inlined]
 [4] macro expansion
   @ ~/.julia/juliaup/julia-1.12.5+0.x64.linux.gnu/share/julia/stdlib/v1.12/Test/src/Test.jl:1776 [inlined]
 [5] macro expansion
   @ ~/code/gitHub/AtmosTransportModel/test/test_poisson_balance.jl:207 [inlined]
 [6] macro expansion
   @ ~/.julia/juliaup/julia-1.12.5+0.x64.linux.gnu/share/julia/stdlib/v1.12/Test/src/Test.jl:680 [inlined]
mirror_sign: inflow positions get +1, outflow get -1: Test Failed at /home/cfranken/code/gitHub/AtmosTransportModel/test/test_poisson_balance.jl:207
  Expression: ms == expected
   Evaluated: 1 == -1

Stacktrace:
 [1] top-level scope
   @ ~/code/gitHub/AtmosTransportModel/test/test_poisson_balance.jl:117
 [2] macro expansion
   @ ~/.julia/juliaup/julia-1.12.5+0.x64.linux.gnu/share/julia/stdlib/v1.12/Test/src/Test.jl:1776 [inlined]
 [3] macro expansion
   @ ~/code/gitHub/AtmosTransportModel/test/test_poisson_balance.jl:189 [inlined]
 [4] macro expansion
   @ ~/.julia/juliaup/julia-1.12.5+0.x64.linux.gnu/share/julia/stdlib/v1.12/Test/src/Test.jl:1776 [inlined]
 [5] macro expansion
   @ ~/code/gitHub/AtmosTransportModel/test/test_poisson_balance.jl:207 [inlined]
 [6] macro expansion
   @ ~/.julia/juliaup/julia-1.12.5+0.x64.linux.gnu/share/julia/stdlib/v1.12/Test/src/Test.jl:680 [inlined]
mirror_sign: inflow positions get +1, outflow get -1: Test Failed at /home/cfranken/code/gitHub/AtmosTransportModel/test/test_poisson_balance.jl:207
  Expression: ms == expected
   Evaluated: 1 == -1

Stacktrace:
 [1] top-level scope
   @ ~/code/gitHub/AtmosTransportModel/test/test_poisson_balance.jl:117
 [2] macro expansion
   @ ~/.julia/juliaup/julia-1.12.5+0.x64.linux.gnu/share/julia/stdlib/v1.12/Test/src/Test.jl:1776 [inlined]
 [3] macro expansion
   @ ~/code/gitHub/AtmosTransportModel/test/test_poisson_balance.jl:189 [inlined]
 [4] macro expansion
   @ ~/.julia/juliaup/julia-1.12.5+0.x64.linux.gnu/share/julia/stdlib/v1.12/Test/src/Test.jl:1776 [inlined]
 [5] macro expansion
   @ ~/code/gitHub/AtmosTransportModel/test/test_poisson_balance.jl:207 [inlined]
 [6] macro expansion
   @ ~/.julia/juliaup/julia-1.12.5+0.x64.linux.gnu/share/julia/stdlib/v1.12/Test/src/Test.jl:680 [inlined]
mirror_sign: inflow positions get +1, outflow get -1: Test Failed at /home/cfranken/code/gitHub/AtmosTransportModel/test/test_poisson_balance.jl:207
  Expression: ms == expected
   Evaluated: 1 == -1

Stacktrace:
 [1] top-level scope
   @ ~/code/gitHub/AtmosTransportModel/test/test_poisson_balance.jl:117
 [2] macro expansion
   @ ~/.julia/juliaup/julia-1.12.5+0.x64.linux.gnu/share/julia/stdlib/v1.12/Test/src/Test.jl:1776 [inlined]
 [3] macro expansion
   @ ~/code/gitHub/AtmosTransportModel/test/test_poisson_balance.jl:189 [inlined]
 [4] macro expansion
   @ ~/.julia/juliaup/julia-1.12.5+0.x64.linux.gnu/share/julia/stdlib/v1.12/Test/src/Test.jl:1776 [inlined]
 [5] macro expansion
   @ ~/code/gitHub/AtmosTransportModel/test/test_poisson_balance.jl:207 [inlined]
 [6] macro expansion
   @ ~/.julia/juliaup/julia-1.12.5+0.x64.linux.gnu/share/julia/stdlib/v1.12/Test/src/Test.jl:680 [inlined]
mirror_sign: inflow positions get +1, outflow get -1: Test Failed at /home/cfranken/code/gitHub/AtmosTransportModel/test/test_poisson_balance.jl:207
  Expression: ms == expected
   Evaluated: 1 == -1

Stacktrace:
 [1] top-level scope
   @ ~/code/gitHub/AtmosTransportModel/test/test_poisson_balance.jl:117
 [2] macro expansion
   @ ~/.julia/juliaup/julia-1.12.5+0.x64.linux.gnu/share/julia/stdlib/v1.12/Test/src/Test.jl:1776 [inlined]
 [3] macro expansion
   @ ~/code/gitHub/AtmosTransportModel/test/test_poisson_balance.jl:189 [inlined]
 [4] macro expansion
   @ ~/.julia/juliaup/julia-1.12.5+0.x64.linux.gnu/share/julia/stdlib/v1.12/Test/src/Test.jl:1776 [inlined]
 [5] macro expansion
   @ ~/code/gitHub/AtmosTransportModel/test/test_poisson_balance.jl:207 [inlined]
 [6] macro expansion
   @ ~/.julia/juliaup/julia-1.12.5+0.x64.linux.gnu/share/julia/stdlib/v1.12/Test/src/Test.jl:680 [inlined]
mirror_sign: inflow positions get +1, outflow get -1: Test Failed at /home/cfranken/code/gitHub/AtmosTransportModel/test/test_poisson_balance.jl:207
  Expression: ms == expected
   Evaluated: 1 == -1

Stacktrace:
 [1] top-level scope
   @ ~/code/gitHub/AtmosTransportModel/test/test_poisson_balance.jl:117
 [2] macro expansion
   @ ~/.julia/juliaup/julia-1.12.5+0.x64.linux.gnu/share/julia/stdlib/v1.12/Test/src/Test.jl:1776 [inlined]
 [3] macro expansion
   @ ~/code/gitHub/AtmosTransportModel/test/test_poisson_balance.jl:189 [inlined]
 [4] macro expansion
   @ ~/.julia/juliaup/julia-1.12.5+0.x64.linux.gnu/share/julia/stdlib/v1.12/Test/src/Test.jl:1776 [inlined]
 [5] macro expansion
   @ ~/code/gitHub/AtmosTransportModel/test/test_poisson_balance.jl:207 [inlined]
 [6] macro expansion
   @ ~/.julia/juliaup/julia-1.12.5+0.x64.linux.gnu/share/julia/stdlib/v1.12/Test/src/Test.jl:680 [inlined]
mirror_sign: inflow positions get +1, outflow get -1: Test Failed at /home/cfranken/code/gitHub/AtmosTransportModel/test/test_poisson_balance.jl:207
  Expression: ms == expected
   Evaluated: 1 == -1

Stacktrace:
 [1] top-level scope
   @ ~/code/gitHub/AtmosTransportModel/test/test_poisson_balance.jl:117
 [2] macro expansion
   @ ~/.julia/juliaup/julia-1.12.5+0.x64.linux.gnu/share/julia/stdlib/v1.12/Test/src/Test.jl:1776 [inlined]
 [3] macro expansion
   @ ~/code/gitHub/AtmosTransportModel/test/test_poisson_balance.jl:189 [inlined]
 [4] macro expansion
   @ ~/.julia/juliaup/julia-1.12.5+0.x64.linux.gnu/share/julia/stdlib/v1.12/Test/src/Test.jl:1776 [inlined]
 [5] macro expansion
   @ ~/code/gitHub/AtmosTransportModel/test/test_poisson_balance.jl:207 [inlined]
 [6] macro expansion
   @ ~/.julia/juliaup/julia-1.12.5+0.x64.linux.gnu/share/julia/stdlib/v1.12/Test/src/Test.jl:680 [inlined]
mirror_sign: inflow positions get +1, outflow get -1: Test Failed at /home/cfranken/code/gitHub/AtmosTransportModel/test/test_poisson_balance.jl:207
  Expression: ms == expected
   Evaluated: 1 == -1

Stacktrace:
 [1] top-level scope
   @ ~/code/gitHub/AtmosTransportModel/test/test_poisson_balance.jl:117
 [2] macro expansion
   @ ~/.julia/juliaup/julia-1.12.5+0.x64.linux.gnu/share/julia/stdlib/v1.12/Test/src/Test.jl:1776 [inlined]
 [3] macro expansion
   @ ~/code/gitHub/AtmosTransportModel/test/test_poisson_balance.jl:189 [inlined]
 [4] macro expansion
   @ ~/.julia/juliaup/julia-1.12.5+0.x64.linux.gnu/share/julia/stdlib/v1.12/Test/src/Test.jl:1776 [inlined]
 [5] macro expansion
   @ ~/code/gitHub/AtmosTransportModel/test/test_poisson_balance.jl:207 [inlined]
 [6] macro expansion
   @ ~/.julia/juliaup/julia-1.12.5+0.x64.linux.gnu/share/julia/stdlib/v1.12/Test/src/Test.jl:680 [inlined]
mirror_sign: inflow positions get +1, outflow get -1: Test Failed at /home/cfranken/code/gitHub/AtmosTransportModel/test/test_poisson_balance.jl:207
  Expression: ms == expected
   Evaluated: 1 == -1

Stacktrace:
 [1] top-level scope
   @ ~/code/gitHub/AtmosTransportModel/test/test_poisson_balance.jl:117
 [2] macro expansion
   @ ~/.julia/juliaup/julia-1.12.5+0.x64.linux.gnu/share/julia/stdlib/v1.12/Test/src/Test.jl:1776 [inlined]
 [3] macro expansion
   @ ~/code/gitHub/AtmosTransportModel/test/test_poisson_balance.jl:189 [inlined]
 [4] macro expansion
   @ ~/.julia/juliaup/julia-1.12.5+0.x64.linux.gnu/share/julia/stdlib/v1.12/Test/src/Test.jl:1776 [inlined]
 [5] macro expansion
   @ ~/code/gitHub/AtmosTransportModel/test/test_poisson_balance.jl:207 [inlined]
 [6] macro expansion
   @ ~/.julia/juliaup/julia-1.12.5+0.x64.linux.gnu/share/julia/stdlib/v1.12/Test/src/Test.jl:680 [inlined]
mirror_sign: inflow positions get +1, outflow get -1: Test Failed at /home/cfranken/code/gitHub/AtmosTransportModel/test/test_poisson_balance.jl:207
  Expression: ms == expected
   Evaluated: 1 == -1

Stacktrace:
 [1] top-level scope
   @ ~/code/gitHub/AtmosTransportModel/test/test_poisson_balance.jl:117
 [2] macro expansion
   @ ~/.julia/juliaup/julia-1.12.5+0.x64.linux.gnu/share/julia/stdlib/v1.12/Test/src/Test.jl:1776 [inlined]
 [3] macro expansion
   @ ~/code/gitHub/AtmosTransportModel/test/test_poisson_balance.jl:189 [inlined]
 [4] macro expansion
   @ ~/.julia/juliaup/julia-1.12.5+0.x64.linux.gnu/share/julia/stdlib/v1.12/Test/src/Test.jl:1776 [inlined]
 [5] macro expansion
   @ ~/code/gitHub/AtmosTransportModel/test/test_poisson_balance.jl:207 [inlined]
 [6] macro expansion
   @ ~/.julia/juliaup/julia-1.12.5+0.x64.linux.gnu/share/julia/stdlib/v1.12/Test/src/Test.jl:680 [inlined]
mirror_sign: inflow positions get +1, outflow get -1: Test Failed at /home/cfranken/code/gitHub/AtmosTransportModel/test/test_poisson_balance.jl:207
  Expression: ms == expected
   Evaluated: 1 == -1

Stacktrace:
 [1] top-level scope
   @ ~/code/gitHub/AtmosTransportModel/test/test_poisson_balance.jl:117
 [2] macro expansion
   @ ~/.julia/juliaup/julia-1.12.5+0.x64.linux.gnu/share/julia/stdlib/v1.12/Test/src/Test.jl:1776 [inlined]
 [3] macro expansion
   @ ~/code/gitHub/AtmosTransportModel/test/test_poisson_balance.jl:189 [inlined]
 [4] macro expansion
   @ ~/.julia/juliaup/julia-1.12.5+0.x64.linux.gnu/share/julia/stdlib/v1.12/Test/src/Test.jl:1776 [inlined]
 [5] macro expansion
   @ ~/code/gitHub/AtmosTransportModel/test/test_poisson_balance.jl:207 [inlined]
 [6] macro expansion
   @ ~/.julia/juliaup/julia-1.12.5+0.x64.linux.gnu/share/julia/stdlib/v1.12/Test/src/Test.jl:680 [inlined]
mirror_sign: inflow positions get +1, outflow get -1: Test Failed at /home/cfranken/code/gitHub/AtmosTransportModel/test/test_poisson_balance.jl:207
  Expression: ms == expected
   Evaluated: 1 == -1

Stacktrace:
 [1] top-level scope
   @ ~/code/gitHub/AtmosTransportModel/test/test_poisson_balance.jl:117
 [2] macro expansion
   @ ~/.julia/juliaup/julia-1.12.5+0.x64.linux.gnu/share/julia/stdlib/v1.12/Test/src/Test.jl:1776 [inlined]
 [3] macro expansion
   @ ~/code/gitHub/AtmosTransportModel/test/test_poisson_balance.jl:189 [inlined]
 [4] macro expansion
   @ ~/.julia/juliaup/julia-1.12.5+0.x64.linux.gnu/share/julia/stdlib/v1.12/Test/src/Test.jl:1776 [inlined]
 [5] macro expansion
   @ ~/code/gitHub/AtmosTransportModel/test/test_poisson_balance.jl:207 [inlined]
 [6] macro expansion
   @ ~/.julia/juliaup/julia-1.12.5+0.x64.linux.gnu/share/julia/stdlib/v1.12/Test/src/Test.jl:680 [inlined]
mirror_sign: inflow positions get +1, outflow get -1: Test Failed at /home/cfranken/code/gitHub/AtmosTransportModel/test/test_poisson_balance.jl:207
  Expression: ms == expected
   Evaluated: 1 == -1

Stacktrace:
 [1] top-level scope
   @ ~/code/gitHub/AtmosTransportModel/test/test_poisson_balance.jl:117
 [2] macro expansion
   @ ~/.julia/juliaup/julia-1.12.5+0.x64.linux.gnu/share/julia/stdlib/v1.12/Test/src/Test.jl:1776 [inlined]
 [3] macro expansion
   @ ~/code/gitHub/AtmosTransportModel/test/test_poisson_balance.jl:189 [inlined]
 [4] macro expansion
   @ ~/.julia/juliaup/julia-1.12.5+0.x64.linux.gnu/share/julia/stdlib/v1.12/Test/src/Test.jl:1776 [inlined]
 [5] macro expansion
   @ ~/code/gitHub/AtmosTransportModel/test/test_poisson_balance.jl:207 [inlined]
 [6] macro expansion
   @ ~/.julia/juliaup/julia-1.12.5+0.x64.linux.gnu/share/julia/stdlib/v1.12/Test/src/Test.jl:680 [inlined]
mirror_sign: inflow positions get +1, outflow get -1: Test Failed at /home/cfranken/code/gitHub/AtmosTransportModel/test/test_poisson_balance.jl:207
  Expression: ms == expected
   Evaluated: 1 == -1

Stacktrace:
 [1] top-level scope
   @ ~/code/gitHub/AtmosTransportModel/test/test_poisson_balance.jl:117
 [2] macro expansion
   @ ~/.julia/juliaup/julia-1.12.5+0.x64.linux.gnu/share/julia/stdlib/v1.12/Test/src/Test.jl:1776 [inlined]
 [3] macro expansion
   @ ~/code/gitHub/AtmosTransportModel/test/test_poisson_balance.jl:189 [inlined]
 [4] macro expansion
   @ ~/.julia/juliaup/julia-1.12.5+0.x64.linux.gnu/share/julia/stdlib/v1.12/Test/src/Test.jl:1776 [inlined]
 [5] macro expansion
   @ ~/code/gitHub/AtmosTransportModel/test/test_poisson_balance.jl:207 [inlined]
 [6] macro expansion
   @ ~/.julia/juliaup/julia-1.12.5+0.x64.linux.gnu/share/julia/stdlib/v1.12/Test/src/Test.jl:680 [inlined]
mirror_sign: inflow positions get +1, outflow get -1: Test Failed at /home/cfranken/code/gitHub/AtmosTransportModel/test/test_poisson_balance.jl:207
  Expression: ms == expected
   Evaluated: 1 == -1

Stacktrace:
 [1] top-level scope
   @ ~/code/gitHub/AtmosTransportModel/test/test_poisson_balance.jl:117
 [2] macro expansion
   @ ~/.julia/juliaup/julia-1.12.5+0.x64.linux.gnu/share/julia/stdlib/v1.12/Test/src/Test.jl:1776 [inlined]
 [3] macro expansion
   @ ~/code/gitHub/AtmosTransportModel/test/test_poisson_balance.jl:189 [inlined]
 [4] macro expansion
   @ ~/.julia/juliaup/julia-1.12.5+0.x64.linux.gnu/share/julia/stdlib/v1.12/Test/src/Test.jl:1776 [inlined]
 [5] macro expansion
   @ ~/code/gitHub/AtmosTransportModel/test/test_poisson_balance.jl:207 [inlined]
 [6] macro expansion
   @ ~/.julia/juliaup/julia-1.12.5+0.x64.linux.gnu/share/julia/stdlib/v1.12/Test/src/Test.jl:680 [inlined]
mirror_sign: inflow positions get +1, outflow get -1: Test Failed at /home/cfranken/code/gitHub/AtmosTransportModel/test/test_poisson_balance.jl:207
  Expression: ms == expected
   Evaluated: 1 == -1

Stacktrace:
 [1] top-level scope
   @ ~/code/gitHub/AtmosTransportModel/test/test_poisson_balance.jl:117
 [2] macro expansion
   @ ~/.julia/juliaup/julia-1.12.5+0.x64.linux.gnu/share/julia/stdlib/v1.12/Test/src/Test.jl:1776 [inlined]
 [3] macro expansion
   @ ~/code/gitHub/AtmosTransportModel/test/test_poisson_balance.jl:189 [inlined]
 [4] macro expansion
   @ ~/.julia/juliaup/julia-1.12.5+0.x64.linux.gnu/share/julia/stdlib/v1.12/Test/src/Test.jl:1776 [inlined]
 [5] macro expansion
   @ ~/code/gitHub/AtmosTransportModel/test/test_poisson_balance.jl:207 [inlined]
 [6] macro expansion
   @ ~/.julia/juliaup/julia-1.12.5+0.x64.linux.gnu/share/julia/stdlib/v1.12/Test/src/Test.jl:680 [inlined]
mirror_sign: inflow positions get +1, outflow get -1: Test Failed at /home/cfranken/code/gitHub/AtmosTransportModel/test/test_poisson_balance.jl:207
  Expression: ms == expected
   Evaluated: 1 == -1

Stacktrace:
 [1] top-level scope
   @ ~/code/gitHub/AtmosTransportModel/test/test_poisson_balance.jl:117
 [2] macro expansion
   @ ~/.julia/juliaup/julia-1.12.5+0.x64.linux.gnu/share/julia/stdlib/v1.12/Test/src/Test.jl:1776 [inlined]
 [3] macro expansion
   @ ~/code/gitHub/AtmosTransportModel/test/test_poisson_balance.jl:189 [inlined]
 [4] macro expansion
   @ ~/.julia/juliaup/julia-1.12.5+0.x64.linux.gnu/share/julia/stdlib/v1.12/Test/src/Test.jl:1776 [inlined]
 [5] macro expansion
   @ ~/code/gitHub/AtmosTransportModel/test/test_poisson_balance.jl:207 [inlined]
 [6] macro expansion
   @ ~/.julia/juliaup/julia-1.12.5+0.x64.linux.gnu/share/julia/stdlib/v1.12/Test/src/Test.jl:680 [inlined]
mirror_sign: inflow positions get +1, outflow get -1: Test Failed at /home/cfranken/code/gitHub/AtmosTransportModel/test/test_poisson_balance.jl:207
  Expression: ms == expected
   Evaluated: 1 == -1

Stacktrace:
 [1] top-level scope
   @ ~/code/gitHub/AtmosTransportModel/test/test_poisson_balance.jl:117
 [2] macro expansion
   @ ~/.julia/juliaup/julia-1.12.5+0.x64.linux.gnu/share/julia/stdlib/v1.12/Test/src/Test.jl:1776 [inlined]
 [3] macro expansion
   @ ~/code/gitHub/AtmosTransportModel/test/test_poisson_balance.jl:189 [inlined]
 [4] macro expansion
   @ ~/.julia/juliaup/julia-1.12.5+0.x64.linux.gnu/share/julia/stdlib/v1.12/Test/src/Test.jl:1776 [inlined]
 [5] macro expansion
   @ ~/code/gitHub/AtmosTransportModel/test/test_poisson_balance.jl:207 [inlined]
 [6] macro expansion
   @ ~/.julia/juliaup/julia-1.12.5+0.x64.linux.gnu/share/julia/stdlib/v1.12/Test/src/Test.jl:680 [inlined]
mirror_sign: inflow positions get +1, outflow get -1: Test Failed at /home/cfranken/code/gitHub/AtmosTransportModel/test/test_poisson_balance.jl:207
  Expression: ms == expected
   Evaluated: 1 == -1

Stacktrace:
 [1] top-level scope
   @ ~/code/gitHub/AtmosTransportModel/test/test_poisson_balance.jl:117
 [2] macro expansion
   @ ~/.julia/juliaup/julia-1.12.5+0.x64.linux.gnu/share/julia/stdlib/v1.12/Test/src/Test.jl:1776 [inlined]
 [3] macro expansion
   @ ~/code/gitHub/AtmosTransportModel/test/test_poisson_balance.jl:189 [inlined]
 [4] macro expansion
   @ ~/.julia/juliaup/julia-1.12.5+0.x64.linux.gnu/share/julia/stdlib/v1.12/Test/src/Test.jl:1776 [inlined]
 [5] macro expansion
   @ ~/code/gitHub/AtmosTransportModel/test/test_poisson_balance.jl:207 [inlined]
 [6] macro expansion
   @ ~/.julia/juliaup/julia-1.12.5+0.x64.linux.gnu/share/julia/stdlib/v1.12/Test/src/Test.jl:680 [inlined]
mirror_sign: inflow positions get +1, outflow get -1: Test Failed at /home/cfranken/code/gitHub/AtmosTransportModel/test/test_poisson_balance.jl:207
  Expression: ms == expected
   Evaluated: 1 == -1

Stacktrace:
 [1] top-level scope
   @ ~/code/gitHub/AtmosTransportModel/test/test_poisson_balance.jl:117
 [2] macro expansion
   @ ~/.julia/juliaup/julia-1.12.5+0.x64.linux.gnu/share/julia/stdlib/v1.12/Test/src/Test.jl:1776 [inlined]
 [3] macro expansion
   @ ~/code/gitHub/AtmosTransportModel/test/test_poisson_balance.jl:189 [inlined]
 [4] macro expansion
   @ ~/.julia/juliaup/julia-1.12.5+0.x64.linux.gnu/share/julia/stdlib/v1.12/Test/src/Test.jl:1776 [inlined]
 [5] macro expansion
   @ ~/code/gitHub/AtmosTransportModel/test/test_poisson_balance.jl:207 [inlined]
 [6] macro expansion
   @ ~/.julia/juliaup/julia-1.12.5+0.x64.linux.gnu/share/julia/stdlib/v1.12/Test/src/Test.jl:680 [inlined]
mirror_sign: inflow positions get +1, outflow get -1: Test Failed at /home/cfranken/code/gitHub/AtmosTransportModel/test/test_poisson_balance.jl:207
  Expression: ms == expected
   Evaluated: 1 == -1

Stacktrace:
 [1] top-level scope
   @ ~/code/gitHub/AtmosTransportModel/test/test_poisson_balance.jl:117
 [2] macro expansion
   @ ~/.julia/juliaup/julia-1.12.5+0.x64.linux.gnu/share/julia/stdlib/v1.12/Test/src/Test.jl:1776 [inlined]
 [3] macro expansion
   @ ~/code/gitHub/AtmosTransportModel/test/test_poisson_balance.jl:189 [inlined]
 [4] macro expansion
   @ ~/.julia/juliaup/julia-1.12.5+0.x64.linux.gnu/share/julia/stdlib/v1.12/Test/src/Test.jl:1776 [inlined]
 [5] macro expansion
   @ ~/code/gitHub/AtmosTransportModel/test/test_poisson_balance.jl:207 [inlined]
 [6] macro expansion
   @ ~/.julia/juliaup/julia-1.12.5+0.x64.linux.gnu/share/julia/stdlib/v1.12/Test/src/Test.jl:680 [inlined]
mirror_sign: inflow positions get +1, outflow get -1: Test Failed at /home/cfranken/code/gitHub/AtmosTransportModel/test/test_poisson_balance.jl:207
  Expression: ms == expected
   Evaluated: 1 == -1

Stacktrace:
 [1] top-level scope
   @ ~/code/gitHub/AtmosTransportModel/test/test_poisson_balance.jl:117
 [2] macro expansion
   @ ~/.julia/juliaup/julia-1.12.5+0.x64.linux.gnu/share/julia/stdlib/v1.12/Test/src/Test.jl:1776 [inlined]
 [3] macro expansion
   @ ~/code/gitHub/AtmosTransportModel/test/test_poisson_balance.jl:189 [inlined]
 [4] macro expansion
   @ ~/.julia/juliaup/julia-1.12.5+0.x64.linux.gnu/share/julia/stdlib/v1.12/Test/src/Test.jl:1776 [inlined]
 [5] macro expansion
   @ ~/code/gitHub/AtmosTransportModel/test/test_poisson_balance.jl:207 [inlined]
 [6] macro expansion
   @ ~/.julia/juliaup/julia-1.12.5+0.x64.linux.gnu/share/julia/stdlib/v1.12/Test/src/Test.jl:680 [inlined]
mirror_sign: inflow positions get +1, outflow get -1: Test Failed at /home/cfranken/code/gitHub/AtmosTransportModel/test/test_poisson_balance.jl:207
  Expression: ms == expected
   Evaluated: 1 == -1

Stacktrace:
 [1] top-level scope
   @ ~/code/gitHub/AtmosTransportModel/test/test_poisson_balance.jl:117
 [2] macro expansion
   @ ~/.julia/juliaup/julia-1.12.5+0.x64.linux.gnu/share/julia/stdlib/v1.12/Test/src/Test.jl:1776 [inlined]
 [3] macro expansion
   @ ~/code/gitHub/AtmosTransportModel/test/test_poisson_balance.jl:189 [inlined]
 [4] macro expansion
   @ ~/.julia/juliaup/julia-1.12.5+0.x64.linux.gnu/share/julia/stdlib/v1.12/Test/src/Test.jl:1776 [inlined]
 [5] macro expansion
   @ ~/code/gitHub/AtmosTransportModel/test/test_poisson_balance.jl:207 [inlined]
 [6] macro expansion
   @ ~/.julia/juliaup/julia-1.12.5+0.x64.linux.gnu/share/julia/stdlib/v1.12/Test/src/Test.jl:680 [inlined]
mirror_sign: inflow positions get +1, outflow get -1: Test Failed at /home/cfranken/code/gitHub/AtmosTransportModel/test/test_poisson_balance.jl:207
  Expression: ms == expected
   Evaluated: 1 == -1

Stacktrace:
 [1] top-level scope
   @ ~/code/gitHub/AtmosTransportModel/test/test_poisson_balance.jl:117
 [2] macro expansion
   @ ~/.julia/juliaup/julia-1.12.5+0.x64.linux.gnu/share/julia/stdlib/v1.12/Test/src/Test.jl:1776 [inlined]
 [3] macro expansion
   @ ~/code/gitHub/AtmosTransportModel/test/test_poisson_balance.jl:189 [inlined]
 [4] macro expansion
   @ ~/.julia/juliaup/julia-1.12.5+0.x64.linux.gnu/share/julia/stdlib/v1.12/Test/src/Test.jl:1776 [inlined]
 [5] macro expansion
   @ ~/code/gitHub/AtmosTransportModel/test/test_poisson_balance.jl:207 [inlined]
 [6] macro expansion
   @ ~/.julia/juliaup/julia-1.12.5+0.x64.linux.gnu/share/julia/stdlib/v1.12/Test/src/Test.jl:680 [inlined]
mirror_sign: inflow positions get +1, outflow get -1: Test Failed at /home/cfranken/code/gitHub/AtmosTransportModel/test/test_poisson_balance.jl:207
  Expression: ms == expected
   Evaluated: 1 == -1

Stacktrace:
 [1] top-level scope
   @ ~/code/gitHub/AtmosTransportModel/test/test_poisson_balance.jl:117
 [2] macro expansion
   @ ~/.julia/juliaup/julia-1.12.5+0.x64.linux.gnu/share/julia/stdlib/v1.12/Test/src/Test.jl:1776 [inlined]
 [3] macro expansion
   @ ~/code/gitHub/AtmosTransportModel/test/test_poisson_balance.jl:189 [inlined]
 [4] macro expansion
   @ ~/.julia/juliaup/julia-1.12.5+0.x64.linux.gnu/share/julia/stdlib/v1.12/Test/src/Test.jl:1776 [inlined]
 [5] macro expansion
   @ ~/code/gitHub/AtmosTransportModel/test/test_poisson_balance.jl:207 [inlined]
 [6] macro expansion
   @ ~/.julia/juliaup/julia-1.12.5+0.x64.linux.gnu/share/julia/stdlib/v1.12/Test/src/Test.jl:680 [inlined]
mirror_sign: inflow positions get +1, outflow get -1: Test Failed at /home/cfranken/code/gitHub/AtmosTransportModel/test/test_poisson_balance.jl:207
  Expression: ms == expected
   Evaluated: 1 == -1

Stacktrace:
 [1] top-level scope
   @ ~/code/gitHub/AtmosTransportModel/test/test_poisson_balance.jl:117
 [2] macro expansion
   @ ~/.julia/juliaup/julia-1.12.5+0.x64.linux.gnu/share/julia/stdlib/v1.12/Test/src/Test.jl:1776 [inlined]
 [3] macro expansion
   @ ~/code/gitHub/AtmosTransportModel/test/test_poisson_balance.jl:189 [inlined]
 [4] macro expansion
   @ ~/.julia/juliaup/julia-1.12.5+0.x64.linux.gnu/share/julia/stdlib/v1.12/Test/src/Test.jl:1776 [inlined]
 [5] macro expansion
   @ ~/code/gitHub/AtmosTransportModel/test/test_poisson_balance.jl:207 [inlined]
 [6] macro expansion
   @ ~/.julia/juliaup/julia-1.12.5+0.x64.linux.gnu/share/julia/stdlib/v1.12/Test/src/Test.jl:680 [inlined]
mirror_sign: inflow positions get +1, outflow get -1: Test Failed at /home/cfranken/code/gitHub/AtmosTransportModel/test/test_poisson_balance.jl:207
  Expression: ms == expected
   Evaluated: 1 == -1

Stacktrace:
 [1] top-level scope
   @ ~/code/gitHub/AtmosTransportModel/test/test_poisson_balance.jl:117
 [2] macro expansion
   @ ~/.julia/juliaup/julia-1.12.5+0.x64.linux.gnu/share/julia/stdlib/v1.12/Test/src/Test.jl:1776 [inlined]
 [3] macro expansion
   @ ~/code/gitHub/AtmosTransportModel/test/test_poisson_balance.jl:189 [inlined]
 [4] macro expansion
   @ ~/.julia/juliaup/julia-1.12.5+0.x64.linux.gnu/share/julia/stdlib/v1.12/Test/src/Test.jl:1776 [inlined]
 [5] macro expansion
   @ ~/code/gitHub/AtmosTransportModel/test/test_poisson_balance.jl:207 [inlined]
 [6] macro expansion
   @ ~/.julia/juliaup/julia-1.12.5+0.x64.linux.gnu/share/julia/stdlib/v1.12/Test/src/Test.jl:680 [inlined]
mirror_sign: inflow positions get +1, outflow get -1: Test Failed at /home/cfranken/code/gitHub/AtmosTransportModel/test/test_poisson_balance.jl:207
  Expression: ms == expected
   Evaluated: 1 == -1

Stacktrace:
 [1] top-level scope
   @ ~/code/gitHub/AtmosTransportModel/test/test_poisson_balance.jl:117
 [2] macro expansion
   @ ~/.julia/juliaup/julia-1.12.5+0.x64.linux.gnu/share/julia/stdlib/v1.12/Test/src/Test.jl:1776 [inlined]
 [3] macro expansion
   @ ~/code/gitHub/AtmosTransportModel/test/test_poisson_balance.jl:189 [inlined]
 [4] macro expansion
   @ ~/.julia/juliaup/julia-1.12.5+0.x64.linux.gnu/share/julia/stdlib/v1.12/Test/src/Test.jl:1776 [inlined]
 [5] macro expansion
   @ ~/code/gitHub/AtmosTransportModel/test/test_poisson_balance.jl:207 [inlined]
 [6] macro expansion
   @ ~/.julia/juliaup/julia-1.12.5+0.x64.linux.gnu/share/julia/stdlib/v1.12/Test/src/Test.jl:680 [inlined]
mirror_sign: inflow positions get +1, outflow get -1: Test Failed at /home/cfranken/code/gitHub/AtmosTransportModel/test/test_poisson_balance.jl:207
  Expression: ms == expected
   Evaluated: 1 == -1

Stacktrace:
 [1] top-level scope
   @ ~/code/gitHub/AtmosTransportModel/test/test_poisson_balance.jl:117
 [2] macro expansion
   @ ~/.julia/juliaup/julia-1.12.5+0.x64.linux.gnu/share/julia/stdlib/v1.12/Test/src/Test.jl:1776 [inlined]
 [3] macro expansion
   @ ~/code/gitHub/AtmosTransportModel/test/test_poisson_balance.jl:189 [inlined]
 [4] macro expansion
   @ ~/.julia/juliaup/julia-1.12.5+0.x64.linux.gnu/share/julia/stdlib/v1.12/Test/src/Test.jl:1776 [inlined]
 [5] macro expansion
   @ ~/code/gitHub/AtmosTransportModel/test/test_poisson_balance.jl:207 [inlined]
 [6] macro expansion
   @ ~/.julia/juliaup/julia-1.12.5+0.x64.linux.gnu/share/julia/stdlib/v1.12/Test/src/Test.jl:680 [inlined]
mirror_sign: inflow positions get +1, outflow get -1: Test Failed at /home/cfranken/code/gitHub/AtmosTransportModel/test/test_poisson_balance.jl:207
  Expression: ms == expected
   Evaluated: 1 == -1

Stacktrace:
 [1] top-level scope
   @ ~/code/gitHub/AtmosTransportModel/test/test_poisson_balance.jl:117
 [2] macro expansion
   @ ~/.julia/juliaup/julia-1.12.5+0.x64.linux.gnu/share/julia/stdlib/v1.12/Test/src/Test.jl:1776 [inlined]
 [3] macro expansion
   @ ~/code/gitHub/AtmosTransportModel/test/test_poisson_balance.jl:189 [inlined]
 [4] macro expansion
   @ ~/.julia/juliaup/julia-1.12.5+0.x64.linux.gnu/share/julia/stdlib/v1.12/Test/src/Test.jl:1776 [inlined]
 [5] macro expansion
   @ ~/code/gitHub/AtmosTransportModel/test/test_poisson_balance.jl:207 [inlined]
 [6] macro expansion
   @ ~/.julia/juliaup/julia-1.12.5+0.x64.linux.gnu/share/julia/stdlib/v1.12/Test/src/Test.jl:680 [inlined]
mirror_sign: inflow positions get +1, outflow get -1: Test Failed at /home/cfranken/code/gitHub/AtmosTransportModel/test/test_poisson_balance.jl:207
  Expression: ms == expected
   Evaluated: 1 == -1

Stacktrace:
 [1] top-level scope
   @ ~/code/gitHub/AtmosTransportModel/test/test_poisson_balance.jl:117
 [2] macro expansion
   @ ~/.julia/juliaup/julia-1.12.5+0.x64.linux.gnu/share/julia/stdlib/v1.12/Test/src/Test.jl:1776 [inlined]
 [3] macro expansion
   @ ~/code/gitHub/AtmosTransportModel/test/test_poisson_balance.jl:189 [inlined]
 [4] macro expansion
   @ ~/.julia/juliaup/julia-1.12.5+0.x64.linux.gnu/share/julia/stdlib/v1.12/Test/src/Test.jl:1776 [inlined]
 [5] macro expansion
   @ ~/code/gitHub/AtmosTransportModel/test/test_poisson_balance.jl:207 [inlined]
 [6] macro expansion
   @ ~/.julia/juliaup/julia-1.12.5+0.x64.linux.gnu/share/julia/stdlib/v1.12/Test/src/Test.jl:680 [inlined]
mirror_sign: inflow positions get +1, outflow get -1: Test Failed at /home/cfranken/code/gitHub/AtmosTransportModel/test/test_poisson_balance.jl:207
  Expression: ms == expected
   Evaluated: 1 == -1

Stacktrace:
 [1] top-level scope
   @ ~/code/gitHub/AtmosTransportModel/test/test_poisson_balance.jl:117
 [2] macro expansion
   @ ~/.julia/juliaup/julia-1.12.5+0.x64.linux.gnu/share/julia/stdlib/v1.12/Test/src/Test.jl:1776 [inlined]
 [3] macro expansion
   @ ~/code/gitHub/AtmosTransportModel/test/test_poisson_balance.jl:189 [inlined]
 [4] macro expansion
   @ ~/.julia/juliaup/julia-1.12.5+0.x64.linux.gnu/share/julia/stdlib/v1.12/Test/src/Test.jl:1776 [inlined]
 [5] macro expansion
   @ ~/code/gitHub/AtmosTransportModel/test/test_poisson_balance.jl:207 [inlined]
 [6] macro expansion
   @ ~/.julia/juliaup/julia-1.12.5+0.x64.linux.gnu/share/julia/stdlib/v1.12/Test/src/Test.jl:680 [inlined]
mirror_sign: inflow positions get +1, outflow get -1: Test Failed at /home/cfranken/code/gitHub/AtmosTransportModel/test/test_poisson_balance.jl:207
  Expression: ms == expected
   Evaluated: 1 == -1

Stacktrace:
 [1] top-level scope
   @ ~/code/gitHub/AtmosTransportModel/test/test_poisson_balance.jl:117
 [2] macro expansion
   @ ~/.julia/juliaup/julia-1.12.5+0.x64.linux.gnu/share/julia/stdlib/v1.12/Test/src/Test.jl:1776 [inlined]
 [3] macro expansion
   @ ~/code/gitHub/AtmosTransportModel/test/test_poisson_balance.jl:189 [inlined]
 [4] macro expansion
   @ ~/.julia/juliaup/julia-1.12.5+0.x64.linux.gnu/share/julia/stdlib/v1.12/Test/src/Test.jl:1776 [inlined]
 [5] macro expansion
   @ ~/code/gitHub/AtmosTransportModel/test/test_poisson_balance.jl:207 [inlined]
 [6] macro expansion
   @ ~/.julia/juliaup/julia-1.12.5+0.x64.linux.gnu/share/julia/stdlib/v1.12/Test/src/Test.jl:680 [inlined]
mirror_sign: inflow positions get +1, outflow get -1: Test Failed at /home/cfranken/code/gitHub/AtmosTransportModel/test/test_poisson_balance.jl:207
  Expression: ms == expected
   Evaluated: 1 == -1

Stacktrace:
 [1] top-level scope
   @ ~/code/gitHub/AtmosTransportModel/test/test_poisson_balance.jl:117
 [2] macro expansion
   @ ~/.julia/juliaup/julia-1.12.5+0.x64.linux.gnu/share/julia/stdlib/v1.12/Test/src/Test.jl:1776 [inlined]
 [3] macro expansion
   @ ~/code/gitHub/AtmosTransportModel/test/test_poisson_balance.jl:189 [inlined]
 [4] macro expansion
   @ ~/.julia/juliaup/julia-1.12.5+0.x64.linux.gnu/share/julia/stdlib/v1.12/Test/src/Test.jl:1776 [inlined]
 [5] macro expansion
   @ ~/code/gitHub/AtmosTransportModel/test/test_poisson_balance.jl:207 [inlined]
 [6] macro expansion
   @ ~/.julia/juliaup/julia-1.12.5+0.x64.linux.gnu/share/julia/stdlib/v1.12/Test/src/Test.jl:680 [inlined]
mirror_sign: inflow positions get +1, outflow get -1: Test Failed at /home/cfranken/code/gitHub/AtmosTransportModel/test/test_poisson_balance.jl:207
  Expression: ms == expected
   Evaluated: 1 == -1

Stacktrace:
 [1] top-level scope
   @ ~/code/gitHub/AtmosTransportModel/test/test_poisson_balance.jl:117
 [2] macro expansion
   @ ~/.julia/juliaup/julia-1.12.5+0.x64.linux.gnu/share/julia/stdlib/v1.12/Test/src/Test.jl:1776 [inlined]
 [3] macro expansion
   @ ~/code/gitHub/AtmosTransportModel/test/test_poisson_balance.jl:189 [inlined]
 [4] macro expansion
   @ ~/.julia/juliaup/julia-1.12.5+0.x64.linux.gnu/share/julia/stdlib/v1.12/Test/src/Test.jl:1776 [inlined]
 [5] macro expansion
   @ ~/code/gitHub/AtmosTransportModel/test/test_poisson_balance.jl:207 [inlined]
 [6] macro expansion
   @ ~/.julia/juliaup/julia-1.12.5+0.x64.linux.gnu/share/julia/stdlib/v1.12/Test/src/Test.jl:680 [inlined]
mirror_sign: inflow positions get +1, outflow get -1: Test Failed at /home/cfranken/code/gitHub/AtmosTransportModel/test/test_poisson_balance.jl:207
  Expression: ms == expected
   Evaluated: 1 == -1

Stacktrace:
 [1] top-level scope
   @ ~/code/gitHub/AtmosTransportModel/test/test_poisson_balance.jl:117
 [2] macro expansion
   @ ~/.julia/juliaup/julia-1.12.5+0.x64.linux.gnu/share/julia/stdlib/v1.12/Test/src/Test.jl:1776 [inlined]
 [3] macro expansion
   @ ~/code/gitHub/AtmosTransportModel/test/test_poisson_balance.jl:189 [inlined]
 [4] macro expansion
   @ ~/.julia/juliaup/julia-1.12.5+0.x64.linux.gnu/share/julia/stdlib/v1.12/Test/src/Test.jl:1776 [inlined]
 [5] macro expansion
   @ ~/code/gitHub/AtmosTransportModel/test/test_poisson_balance.jl:207 [inlined]
 [6] macro expansion
   @ ~/.julia/juliaup/julia-1.12.5+0.x64.linux.gnu/share/julia/stdlib/v1.12/Test/src/Test.jl:680 [inlined]
mirror_sign: inflow positions get +1, outflow get -1: Test Failed at /home/cfranken/code/gitHub/AtmosTransportModel/test/test_poisson_balance.jl:207
  Expression: ms == expected
   Evaluated: 1 == -1

Stacktrace:
 [1] top-level scope
   @ ~/code/gitHub/AtmosTransportModel/test/test_poisson_balance.jl:117
 [2] macro expansion
   @ ~/.julia/juliaup/julia-1.12.5+0.x64.linux.gnu/share/julia/stdlib/v1.12/Test/src/Test.jl:1776 [inlined]
 [3] macro expansion
   @ ~/code/gitHub/AtmosTransportModel/test/test_poisson_balance.jl:189 [inlined]
 [4] macro expansion
   @ ~/.julia/juliaup/julia-1.12.5+0.x64.linux.gnu/share/julia/stdlib/v1.12/Test/src/Test.jl:1776 [inlined]
 [5] macro expansion
   @ ~/code/gitHub/AtmosTransportModel/test/test_poisson_balance.jl:207 [inlined]
 [6] macro expansion
   @ ~/.julia/juliaup/julia-1.12.5+0.x64.linux.gnu/share/julia/stdlib/v1.12/Test/src/Test.jl:680 [inlined]
mirror_sign: inflow positions get +1, outflow get -1: Test Failed at /home/cfranken/code/gitHub/AtmosTransportModel/test/test_poisson_balance.jl:207
  Expression: ms == expected
   Evaluated: 1 == -1

Stacktrace:
 [1] top-level scope
   @ ~/code/gitHub/AtmosTransportModel/test/test_poisson_balance.jl:117
 [2] macro expansion
   @ ~/.julia/juliaup/julia-1.12.5+0.x64.linux.gnu/share/julia/stdlib/v1.12/Test/src/Test.jl:1776 [inlined]
 [3] macro expansion
   @ ~/code/gitHub/AtmosTransportModel/test/test_poisson_balance.jl:189 [inlined]
 [4] macro expansion
   @ ~/.julia/juliaup/julia-1.12.5+0.x64.linux.gnu/share/julia/stdlib/v1.12/Test/src/Test.jl:1776 [inlined]
 [5] macro expansion
   @ ~/code/gitHub/AtmosTransportModel/test/test_poisson_balance.jl:207 [inlined]
 [6] macro expansion
   @ ~/.julia/juliaup/julia-1.12.5+0.x64.linux.gnu/share/julia/stdlib/v1.12/Test/src/Test.jl:680 [inlined]
mirror_sign: inflow positions get +1, outflow get -1: Test Failed at /home/cfranken/code/gitHub/AtmosTransportModel/test/test_poisson_balance.jl:207
  Expression: ms == expected
   Evaluated: 1 == -1

Stacktrace:
 [1] top-level scope
   @ ~/code/gitHub/AtmosTransportModel/test/test_poisson_balance.jl:117
 [2] macro expansion
   @ ~/.julia/juliaup/julia-1.12.5+0.x64.linux.gnu/share/julia/stdlib/v1.12/Test/src/Test.jl:1776 [inlined]
 [3] macro expansion
   @ ~/code/gitHub/AtmosTransportModel/test/test_poisson_balance.jl:189 [inlined]
 [4] macro expansion
   @ ~/.julia/juliaup/julia-1.12.5+0.x64.linux.gnu/share/julia/stdlib/v1.12/Test/src/Test.jl:1776 [inlined]
 [5] macro expansion
   @ ~/code/gitHub/AtmosTransportModel/test/test_poisson_balance.jl:207 [inlined]
 [6] macro expansion
   @ ~/.julia/juliaup/julia-1.12.5+0.x64.linux.gnu/share/julia/stdlib/v1.12/Test/src/Test.jl:680 [inlined]
mirror_sign: inflow positions get +1, outflow get -1: Test Failed at /home/cfranken/code/gitHub/AtmosTransportModel/test/test_poisson_balance.jl:207
  Expression: ms == expected
   Evaluated: 1 == -1

Stacktrace:
 [1] top-level scope
   @ ~/code/gitHub/AtmosTransportModel/test/test_poisson_balance.jl:117
 [2] macro expansion
   @ ~/.julia/juliaup/julia-1.12.5+0.x64.linux.gnu/share/julia/stdlib/v1.12/Test/src/Test.jl:1776 [inlined]
 [3] macro expansion
   @ ~/code/gitHub/AtmosTransportModel/test/test_poisson_balance.jl:189 [inlined]
 [4] macro expansion
   @ ~/.julia/juliaup/julia-1.12.5+0.x64.linux.gnu/share/julia/stdlib/v1.12/Test/src/Test.jl:1776 [inlined]
 [5] macro expansion
   @ ~/code/gitHub/AtmosTransportModel/test/test_poisson_balance.jl:207 [inlined]
 [6] macro expansion
   @ ~/.julia/juliaup/julia-1.12.5+0.x64.linux.gnu/share/julia/stdlib/v1.12/Test/src/Test.jl:680 [inlined]
mirror_sign: inflow positions get +1, outflow get -1: Test Failed at /home/cfranken/code/gitHub/AtmosTransportModel/test/test_poisson_balance.jl:207
  Expression: ms == expected
   Evaluated: 1 == -1

Stacktrace:
 [1] top-level scope
   @ ~/code/gitHub/AtmosTransportModel/test/test_poisson_balance.jl:117
 [2] macro expansion
   @ ~/.julia/juliaup/julia-1.12.5+0.x64.linux.gnu/share/julia/stdlib/v1.12/Test/src/Test.jl:1776 [inlined]
 [3] macro expansion
   @ ~/code/gitHub/AtmosTransportModel/test/test_poisson_balance.jl:189 [inlined]
 [4] macro expansion
   @ ~/.julia/juliaup/julia-1.12.5+0.x64.linux.gnu/share/julia/stdlib/v1.12/Test/src/Test.jl:1776 [inlined]
 [5] macro expansion
   @ ~/code/gitHub/AtmosTransportModel/test/test_poisson_balance.jl:207 [inlined]
 [6] macro expansion
   @ ~/.julia/juliaup/julia-1.12.5+0.x64.linux.gnu/share/julia/stdlib/v1.12/Test/src/Test.jl:680 [inlined]
mirror_sign: inflow positions get +1, outflow get -1: Test Failed at /home/cfranken/code/gitHub/AtmosTransportModel/test/test_poisson_balance.jl:207
  Expression: ms == expected
   Evaluated: 1 == -1

Stacktrace:
 [1] top-level scope
   @ ~/code/gitHub/AtmosTransportModel/test/test_poisson_balance.jl:117
 [2] macro expansion
   @ ~/.julia/juliaup/julia-1.12.5+0.x64.linux.gnu/share/julia/stdlib/v1.12/Test/src/Test.jl:1776 [inlined]
 [3] macro expansion
   @ ~/code/gitHub/AtmosTransportModel/test/test_poisson_balance.jl:189 [inlined]
 [4] macro expansion
   @ ~/.julia/juliaup/julia-1.12.5+0.x64.linux.gnu/share/julia/stdlib/v1.12/Test/src/Test.jl:1776 [inlined]
 [5] macro expansion
   @ ~/code/gitHub/AtmosTransportModel/test/test_poisson_balance.jl:207 [inlined]
 [6] macro expansion
   @ ~/.julia/juliaup/julia-1.12.5+0.x64.linux.gnu/share/julia/stdlib/v1.12/Test/src/Test.jl:680 [inlined]
mirror_sign: inflow positions get +1, outflow get -1: Test Failed at /home/cfranken/code/gitHub/AtmosTransportModel/test/test_poisson_balance.jl:207
  Expression: ms == expected
   Evaluated: 1 == -1

Stacktrace:
 [1] top-level scope
   @ ~/code/gitHub/AtmosTransportModel/test/test_poisson_balance.jl:117
 [2] macro expansion
   @ ~/.julia/juliaup/julia-1.12.5+0.x64.linux.gnu/share/julia/stdlib/v1.12/Test/src/Test.jl:1776 [inlined]
 [3] macro expansion
   @ ~/code/gitHub/AtmosTransportModel/test/test_poisson_balance.jl:189 [inlined]
 [4] macro expansion
   @ ~/.julia/juliaup/julia-1.12.5+0.x64.linux.gnu/share/julia/stdlib/v1.12/Test/src/Test.jl:1776 [inlined]
 [5] macro expansion
   @ ~/code/gitHub/AtmosTransportModel/test/test_poisson_balance.jl:207 [inlined]
 [6] macro expansion
   @ ~/.julia/juliaup/julia-1.12.5+0.x64.linux.gnu/share/julia/stdlib/v1.12/Test/src/Test.jl:680 [inlined]
mirror_sign: inflow positions get +1, outflow get -1: Test Failed at /home/cfranken/code/gitHub/AtmosTransportModel/test/test_poisson_balance.jl:207
  Expression: ms == expected
   Evaluated: 1 == -1

Stacktrace:
 [1] top-level scope
   @ ~/code/gitHub/AtmosTransportModel/test/test_poisson_balance.jl:117
 [2] macro expansion
   @ ~/.julia/juliaup/julia-1.12.5+0.x64.linux.gnu/share/julia/stdlib/v1.12/Test/src/Test.jl:1776 [inlined]
 [3] macro expansion
   @ ~/code/gitHub/AtmosTransportModel/test/test_poisson_balance.jl:189 [inlined]
 [4] macro expansion
   @ ~/.julia/juliaup/julia-1.12.5+0.x64.linux.gnu/share/julia/stdlib/v1.12/Test/src/Test.jl:1776 [inlined]
 [5] macro expansion
   @ ~/code/gitHub/AtmosTransportModel/test/test_poisson_balance.jl:207 [inlined]
 [6] macro expansion
   @ ~/.julia/juliaup/julia-1.12.5+0.x64.linux.gnu/share/julia/stdlib/v1.12/Test/src/Test.jl:680 [inlined]
mirror_sign: inflow positions get +1, outflow get -1: Test Failed at /home/cfranken/code/gitHub/AtmosTransportModel/test/test_poisson_balance.jl:207
  Expression: ms == expected
   Evaluated: 1 == -1

Stacktrace:
 [1] top-level scope
   @ ~/code/gitHub/AtmosTransportModel/test/test_poisson_balance.jl:117
 [2] macro expansion
   @ ~/.julia/juliaup/julia-1.12.5+0.x64.linux.gnu/share/julia/stdlib/v1.12/Test/src/Test.jl:1776 [inlined]
 [3] macro expansion
   @ ~/code/gitHub/AtmosTransportModel/test/test_poisson_balance.jl:189 [inlined]
 [4] macro expansion
   @ ~/.julia/juliaup/julia-1.12.5+0.x64.linux.gnu/share/julia/stdlib/v1.12/Test/src/Test.jl:1776 [inlined]
 [5] macro expansion
   @ ~/code/gitHub/AtmosTransportModel/test/test_poisson_balance.jl:207 [inlined]
 [6] macro expansion
   @ ~/.julia/juliaup/julia-1.12.5+0.x64.linux.gnu/share/julia/stdlib/v1.12/Test/src/Test.jl:680 [inlined]
mirror_sign: inflow positions get +1, outflow get -1: Test Failed at /home/cfranken/code/gitHub/AtmosTransportModel/test/test_poisson_balance.jl:207
  Expression: ms == expected
   Evaluated: 1 == -1

Stacktrace:
 [1] top-level scope
   @ ~/code/gitHub/AtmosTransportModel/test/test_poisson_balance.jl:117
 [2] macro expansion
   @ ~/.julia/juliaup/julia-1.12.5+0.x64.linux.gnu/share/julia/stdlib/v1.12/Test/src/Test.jl:1776 [inlined]
 [3] macro expansion
   @ ~/code/gitHub/AtmosTransportModel/test/test_poisson_balance.jl:189 [inlined]
 [4] macro expansion
   @ ~/.julia/juliaup/julia-1.12.5+0.x64.linux.gnu/share/julia/stdlib/v1.12/Test/src/Test.jl:1776 [inlined]
 [5] macro expansion
   @ ~/code/gitHub/AtmosTransportModel/test/test_poisson_balance.jl:207 [inlined]
 [6] macro expansion
   @ ~/.julia/juliaup/julia-1.12.5+0.x64.linux.gnu/share/julia/stdlib/v1.12/Test/src/Test.jl:680 [inlined]
mirror_sign: inflow positions get +1, outflow get -1: Test Failed at /home/cfranken/code/gitHub/AtmosTransportModel/test/test_poisson_balance.jl:207
  Expression: ms == expected
   Evaluated: 1 == -1

Stacktrace:
 [1] top-level scope
   @ ~/code/gitHub/AtmosTransportModel/test/test_poisson_balance.jl:117
 [2] macro expansion
   @ ~/.julia/juliaup/julia-1.12.5+0.x64.linux.gnu/share/julia/stdlib/v1.12/Test/src/Test.jl:1776 [inlined]
 [3] macro expansion
   @ ~/code/gitHub/AtmosTransportModel/test/test_poisson_balance.jl:189 [inlined]
 [4] macro expansion
   @ ~/.julia/juliaup/julia-1.12.5+0.x64.linux.gnu/share/julia/stdlib/v1.12/Test/src/Test.jl:1776 [inlined]
 [5] macro expansion
   @ ~/code/gitHub/AtmosTransportModel/test/test_poisson_balance.jl:207 [inlined]
 [6] macro expansion
   @ ~/.julia/juliaup/julia-1.12.5+0.x64.linux.gnu/share/julia/stdlib/v1.12/Test/src/Test.jl:680 [inlined]
mirror_sign: inflow positions get +1, outflow get -1: Test Failed at /home/cfranken/code/gitHub/AtmosTransportModel/test/test_poisson_balance.jl:207
  Expression: ms == expected
   Evaluated: 1 == -1

Stacktrace:
 [1] top-level scope
   @ ~/code/gitHub/AtmosTransportModel/test/test_poisson_balance.jl:117
 [2] macro expansion
   @ ~/.julia/juliaup/julia-1.12.5+0.x64.linux.gnu/share/julia/stdlib/v1.12/Test/src/Test.jl:1776 [inlined]
 [3] macro expansion
   @ ~/code/gitHub/AtmosTransportModel/test/test_poisson_balance.jl:189 [inlined]
 [4] macro expansion
   @ ~/.julia/juliaup/julia-1.12.5+0.x64.linux.gnu/share/julia/stdlib/v1.12/Test/src/Test.jl:1776 [inlined]
 [5] macro expansion
   @ ~/code/gitHub/AtmosTransportModel/test/test_poisson_balance.jl:207 [inlined]
 [6] macro expansion
   @ ~/.julia/juliaup/julia-1.12.5+0.x64.linux.gnu/share/julia/stdlib/v1.12/Test/src/Test.jl:680 [inlined]
mirror_sign: inflow positions get +1, outflow get -1: Test Failed at /home/cfranken/code/gitHub/AtmosTransportModel/test/test_poisson_balance.jl:207
  Expression: ms == expected
   Evaluated: 1 == -1

Stacktrace:
 [1] top-level scope
   @ ~/code/gitHub/AtmosTransportModel/test/test_poisson_balance.jl:117
 [2] macro expansion
   @ ~/.julia/juliaup/julia-1.12.5+0.x64.linux.gnu/share/julia/stdlib/v1.12/Test/src/Test.jl:1776 [inlined]
 [3] macro expansion
   @ ~/code/gitHub/AtmosTransportModel/test/test_poisson_balance.jl:189 [inlined]
 [4] macro expansion
   @ ~/.julia/juliaup/julia-1.12.5+0.x64.linux.gnu/share/julia/stdlib/v1.12/Test/src/Test.jl:1776 [inlined]
 [5] macro expansion
   @ ~/code/gitHub/AtmosTransportModel/test/test_poisson_balance.jl:207 [inlined]
 [6] macro expansion
   @ ~/.julia/juliaup/julia-1.12.5+0.x64.linux.gnu/share/julia/stdlib/v1.12/Test/src/Test.jl:680 [inlined]
Test Summary:                                                   | Pass  Fail  Total  Time
CS global Poisson balance                                       |  245    72    317  4.6s
  Zero fluxes → zero correction                                 |   12           12  1.4s
  Random fluxes → post-balance residual near machine precision  |    1            1  0.3s
  All cells have degree 4                                       |    6            6  0.0s
  cm diagnosis gives zero bottom boundary                       |    6            6  0.3s
  mirror_sign: inflow positions get +1, outflow get -1          |  216    72    288  1.1s
  mirror_sign: per-panel div matches global face-table div      |    3            3  0.6s
[ Info: Poisson balance: corrected 0/2 levels, max pre-balance residual: 0.0 kg
[ Info: Poisson balance: corrected 4/4 levels, max pre-balance residual: 0.00516 kg
[ Info: Poisson balance: corrected 2/2 levels, max pre-balance residual: 0.001 kg
[ Info: Poisson balance: corrected 8/8 levels, max pre-balance residual: 0.0172 kg
[ Info: Poisson balance: corrected 8/8 levels, max pre-balance residual: 0.0172 kg
ERROR: LoadError: Some tests did not pass: 245 passed, 72 failed, 0 errored, 0 broken.
in expression starting at /home/cfranken/code/gitHub/AtmosTransportModel/test/test_poisson_balance.jl:116
  mirror_sign: balance + cm diagnosis conserves mass per column |    1            1  0.8s
RNG of the outermost testset: Random.Xoshiro(0xe49867f1617d4ebd, 0x6b0705a0d1070693, 0x7d3d42c0bd7c75a3, 0xe22f585af38375d4, 0xc72b31143098e771)
exit=1
