=== test/test_basis_explicit_core.jl ===
    Expected: ArgumentError
      Thrown: MethodError
      MethodError: no method matching cell_area(::CubedSphereMesh{Float64, GnomonicPanelConvention}, ::Int64)
    Expected: ArgumentError
      Thrown: MethodError
      MethodError: no method matching face_cells(::CubedSphereMesh{Float64, GnomonicPanelConvention}, ::Int64)
Test Summary:                        | Pass  Fail  Total  Time
ERROR: LoadError: Some tests did not pass: 3 passed, 2 failed, 0 errored, 0 broken.
=== test/test_advection_kernels.jl ===
=== test/test_structured_mesh_metadata.jl ===
Test Summary:               | Pass  Fail  Total  Time
ERROR: LoadError: Some tests did not pass: 10 passed, 3 failed, 0 errored, 0 broken.
=== test/test_reduced_gaussian_mesh.jl ===
=== test/test_driven_simulation.jl ===
=== test/test_cubed_sphere_advection.jl ===
=== test/test_poisson_balance.jl ===
Test Summary:                                                   | Pass  Fail  Total  Time
ERROR: LoadError: Some tests did not pass: 245 passed, 72 failed, 0 errored, 0 broken.
=== test/test_chemistry.jl ===
=== test/test_fields.jl ===
